{
    "results": {
        "total_tests": 100,
        "passed": 31,
        "failed": 69,
        "failed_at_make": 24,
        "failed_at_transpile": 0,
        "failed_at_build": 24,
        "failed_at_link": 17,
        "failed_at_test": 4
    },
    "programs": [
        {
            "program": "2DPartInt",
            "status": "failed",
            "stage_failed": "make",
            "error": "make: *** No rule to make target '/config.cpp', needed by 'build/config.o'.  Stop.\n",
            "tests": []
        },
        {
            "program": "42-Kocaeli-Printf",
            "status": "failed",
            "stage_failed": "build",
            "error": "   Compiling c2rust_out v0.0.0 (/mnt/c/Users/wuihee/Desktop/hayroll-tests/CBench/42-Kocaeli-Printf)\nerror[E0423]: expected function, found macro `write`\n   --> src/ft_printf.rs:242:12\n    |\n242 |     return write(1 as libc::c_int, &mut c, 1 as libc::c_int);\n    |            ^^^^^ not a function\n    |\nhelp: use `!` to invoke the macro\n    |\n242 |     return write!(1 as libc::c_int, &mut c, 1 as libc::c_int);\n    |                 +\nhelp: consider importing one of these items instead\n    |\n1   | use core::fmt::write;\n    |\n1   | use core::ptr::write;\n    |\n1   | use crate::src::ft_printf::libc::write;\n    |\n1   | use libc::write;\n    |\n      and 3 other candidates\n\nFor more information about this error, try `rustc --explain E0423`.\nerror: could not compile `c2rust_out` due to previous error\n",
            "tests": []
        },
        {
            "program": "aes128-SIMD",
            "status": "failed",
            "stage_failed": "build",
            "error": "   Compiling c2rust_out v0.0.0 (/mnt/c/Users/wuihee/Desktop/hayroll-tests/CBench/aes128-SIMD)\nerror[E0412]: cannot find type `__m128i_u` in this scope\n   --> src/keys.rs:24:14\n    |\n24  |       pub __v: __m128i_u,\n    |                ^^^^^^^^^ help: a struct with a similar name exists: `__m128i`\n    |\n   ::: /home/wuihee/.rustup/toolchains/nightly-2022-08-08-x86_64-unknown-linux-gnu/lib/rustlib/src/rust/library/core/src/../../stdarch/crates/core_arch/src/x86/mod.rs:8:1\n    |\n8   | / types! {\n9   | |     /// 128-bit wide integer vector type, x86-specific\n10  | |     ///\n11  | |     /// This type is the same as the `__m128i` type defined by Intel,\n...   |\n329 | |     );\n330 | | }\n    | |_- similarly named struct `__m128i` defined here\n\nerror[E0412]: cannot find type `__m128i_u` in this scope\n   --> src/keys.rs:24:14\n    |\n24  |       pub __v: __m128i_u,\n    |                ^^^^^^^^^\n    |\n   ::: /home/wuihee/.rustup/toolchains/nightly-2022-08-08-x86_64-unknown-linux-gnu/lib/rustlib/src/rust/library/core/src/../../stdarch/crates/core_arch/src/x86/mod.rs:8:1\n    |\n8   | / types! {\n9   | |     /// 128-bit wide integer vector type, x86-specific\n10  | |     ///\n11  | |     /// This type is the same as the `__m128i` type defined by Intel,\n...   |\n329 | |     );\n330 | | }\n    | |_- similarly named struct `__m128i` defined here\n    |\nhelp: a struct with a similar name exists\n    |\n24  |     pub __v: __m128i,\n    |              ~~~~~~~\nhelp: you might be missing a type parameter\n    |\n23  | pub struct __loadu_si128<__m128i_u> {\n    |                         +++++++++++\n\nerror[E0412]: cannot find type `__m128i_u` in this scope\n   --> src/keys.rs:29:14\n    |\n29  |       pub __v: __m128i_u,\n    |                ^^^^^^^^^ help: a struct with a similar name exists: `__m128i`\n    |\n   ::: /home/wuihee/.rustup/toolchains/nightly-2022-08-08-x86_64-unknown-linux-gnu/lib/rustlib/src/rust/library/core/src/../../stdarch/crates/core_arch/src/x86/mod.rs:8:1\n    |\n8   | / types! {\n9   | |     /// 128-bit wide integer vector type, x86-specific\n10  | |     ///\n11  | |     /// This type is the same as the `__m128i` type defined by Intel,\n...   |\n329 | |     );\n330 | | }\n    | |_- similarly named struct `__m128i` defined here\n\nerror[E0412]: cannot find type `__m128i_u` in this scope\n   --> src/keys.rs:29:14\n    |\n29  |       pub __v: __m128i_u,\n    |                ^^^^^^^^^\n    |\n   ::: /home/wuihee/.rustup/toolchains/nightly-2022-08-08-x86_64-unknown-linux-gnu/lib/rustlib/src/rust/library/core/src/../../stdarch/crates/core_arch/src/x86/mod.rs:8:1\n    |\n8   | / types! {\n9   | |     /// 128-bit wide integer vector type, x86-specific\n10  | |     ///\n11  | |     /// This type is the same as the `__m128i` type defined by Intel,\n...   |\n329 | |     );\n330 | | }\n    | |_- similarly named struct `__m128i` defined here\n    |\nhelp: a struct with a similar name exists\n    |\n29  |     pub __v: __m128i,\n    |              ~~~~~~~\nhelp: you might be missing a type parameter\n    |\n28  | pub struct __storeu_si128<__m128i_u> {\n    |                          +++++++++++\n\nerror[E0425]: cannot find function `_mm_malloc` in this scope\n  --> src/padding.rs:35:40\n   |\n35 |     let mut paddedData: *mut uint8_t = _mm_malloc(paddedLen, 16 as libc::c_int as size_t)\n   |                                        ^^^^^^^^^^ not found in this scope\n\nerror[E0425]: cannot find function `_mm_malloc` in this scope\n   --> tests/test.rs:128:43\n    |\n128 |     let mut decryptedData: *mut uint8_t = _mm_malloc(\n    |                                           ^^^^^^^^^^ not found in this scope\n\nerror[E0425]: cannot find function `_mm_free` in this scope\n   --> tests/test.rs:199:5\n    |\n199 |     _mm_free(paddedData as *mut libc::c_void);\n    |     ^^^^^^^^ not found in this scope\n\nwarning: unused import: `::libc`\n --> src/aes.rs:1:5\n  |\n1 | use ::libc;\n  |     ^^^^^^\n  |\n  = note: `#[warn(unused_imports)]` on by default\n\nwarning: unused import: `::libc`\n --> src/cipher_utils.rs:1:5\n  |\n1 | use ::libc;\n  |     ^^^^^^\n\nwarning: unused import: `::libc`\n --> src/matrix.rs:1:5\n  |\n1 | use ::libc;\n  |     ^^^^^^\n\nwarning: unused label\n   --> tests/test.rs:179:5\n    |\n179 |     'c_87841: {\n    |     ^^^^^^^^\n    |\n    = note: `#[warn(unused_labels)]` on by default\n\nSome errors have detailed explanations: E0412, E0425.\nFor more information about an error, try `rustc --explain E0412`.\nwarning: `c2rust_out` (lib) generated 4 warnings\nerror: could not compile `c2rust_out` due to 7 previous errors; 4 warnings emitted\n",
            "tests": []
        },
        {
            "program": "amp",
            "status": "failed",
            "stage_failed": "test",
            "error": "",
            "tests": [
                {
                    "name": "tests/test.c",
                    "status": "failed",
                    "error": "c2rust_test: tests/test.c:25: main: Assertion `0 == strcmp(\"some\", arg)' failed.\nAborted (core dumped)\n"
                }
            ]
        },
        {
            "program": "approxidate",
            "status": "passed",
            "stage_failed": "",
            "error": "",
            "tests": [
                {
                    "name": "approxidate-test.c",
                    "status": "passed"
                }
            ]
        },
        {
            "program": "avalanche",
            "status": "failed",
            "stage_failed": "make",
            "error": "make: *** No rule to make target 'src/matrix_test.c', needed by 'matrix_test.o'.  Stop.\n",
            "tests": []
        },
        {
            "program": "bhshell",
            "status": "passed",
            "stage_failed": "",
            "error": "",
            "tests": [
                {
                    "name": "tests/test.c",
                    "status": "passed"
                }
            ]
        },
        {
            "program": "bigint",
            "status": "failed",
            "stage_failed": "build",
            "error": "   Compiling c2rust_out v0.0.0 (/mnt/c/Users/wuihee/Desktop/hayroll-tests/CBench/bigint)\nwarning: unused variable: `tmp2`\n   --> src/bigint.rs:656:13\n    |\n656 |     let mut tmp2: bigint = bigint {\n    |             ^^^^ help: if this is intentional, prefix it with an underscore: `_tmp2`\n    |\n    = note: `#[warn(unused_variables)]` on by default\n\nwarning: unused variable: `tmp2`\n   --> tests/test1.rs:656:13\n    |\n656 |     let mut tmp2: bigint = bigint {\n    |             ^^^^ help: if this is intentional, prefix it with an underscore: `_tmp2`\n\nwarning: unused variable: `tmp2`\n   --> tests/test2.rs:656:13\n    |\n656 |     let mut tmp2: bigint = bigint {\n    |             ^^^^ help: if this is intentional, prefix it with an underscore: `_tmp2`\n\nwarning: unused variable: `tmp2`\n   --> tests/test3.rs:656:13\n    |\n656 |     let mut tmp2: bigint = bigint {\n    |             ^^^^ help: if this is intentional, prefix it with an underscore: `_tmp2`\n\nwarning: path statement with no effect\n  --> src/bigint.rs:78:9\n   |\n78 |         leading_zeros;\n   |         ^^^^^^^^^^^^^^\n   |\n   = note: `#[warn(path_statements)]` on by default\n\nwarning: path statement with no effect\n  --> src/bigint.rs:80:9\n   |\n80 |         i;\n   |         ^^\n\nwarning: path statement with no effect\n   --> src/bigint.rs:134:9\n    |\n134 |         i;\n    |         ^^\n\nwarning: path statement with no effect\n   --> src/bigint.rs:147:9\n    |\n147 |         i;\n    |         ^^\n\nwarning: path statement with no effect\n   --> src/bigint.rs:164:9\n    |\n164 |         n;\n    |         ^^\n\nwarning: path statement with no effect\n   --> src/bigint.rs:180:9\n    |\n180 |         i;\n    |         ^^\n\nwarning: path statement with no effect\n   --> src/bigint.rs:231:9\n    |\n231 |         i;\n    |         ^^\n\nwarning: path statement with no effect\n   --> src/bigint.rs:253:9\n    |\n253 |         i;\n    |         ^^\n\nwarning: path statement with no effect\n   --> src/bigint.rs:273:9\n    |\n273 |         i;\n    |         ^^\n\nwarning: path statement with no effect\n   --> src/bigint.rs:416:9\n    |\n416 |         i;\n    |         ^^\n\nwarning: path statement with no effect\n   --> src/bigint.rs:477:9\n    |\n477 |         i;\n    |         ^^\n\nwarning: path statement with no effect\n   --> src/bigint.rs:497:13\n    |\n497 |             i_0;\n    |             ^^^^\n\nwarning: path statement with no effect\n   --> src/bigint.rs:552:9\n    |\n552 |         i;\n    |         ^^\n\nwarning: path statement with no effect\n   --> src/bigint.rs:579:13\n    |\n579 |             j;\n    |             ^^\n\nwarning: path statement with no effect\n   --> src/bigint.rs:582:9\n    |\n582 |         i_0;\n    |         ^^^^\n\nwarning: path statement with no effect\n   --> src/bigint.rs:601:9\n    |\n601 |         i_1;\n    |         ^^^^\n\nwarning: path statement with no effect\n   --> src/bigint.rs:621:13\n    |\n621 |             i_2;\n    |             ^^^^\n\nwarning: path statement with no effect\n    --> src/bigint.rs:1022:9\n     |\n1022 |         i;\n     |         ^^\n\nwarning: path statement with no effect\n  --> tests/test1.rs:78:9\n   |\n78 |         leading_zeros;\n   |         ^^^^^^^^^^^^^^\n\nwarning: path statement with no effect\n  --> tests/test1.rs:80:9\n   |\n80 |         i;\n   |         ^^\n\nwarning: path statement with no effect\n   --> tests/test1.rs:134:9\n    |\n134 |         i;\n    |         ^^\n\nwarning: path statement with no effect\n   --> tests/test1.rs:147:9\n    |\n147 |         i;\n    |         ^^\n\nwarning: path statement with no effect\n   --> tests/test1.rs:164:9\n    |\n164 |         n;\n    |         ^^\n\nwarning: path statement with no effect\n   --> tests/test1.rs:180:9\n    |\n180 |         i;\n    |         ^^\n\nwarning: path statement with no effect\n   --> tests/test1.rs:231:9\n    |\n231 |         i;\n    |         ^^\n\nwarning: path statement with no effect\n   --> tests/test1.rs:253:9\n    |\n253 |         i;\n    |         ^^\n\nwarning: path statement with no effect\n   --> tests/test1.rs:273:9\n    |\n273 |         i;\n    |         ^^\n\nwarning: path statement with no effect\n   --> tests/test1.rs:416:9\n    |\n416 |         i;\n    |         ^^\n\nwarning: path statement with no effect\n   --> tests/test1.rs:477:9\n    |\n477 |         i;\n    |         ^^\n\nwarning: path statement with no effect\n   --> tests/test1.rs:497:13\n    |\n497 |             i_0;\n    |             ^^^^\n\nwarning: path statement with no effect\n   --> tests/test1.rs:552:9\n    |\n552 |         i;\n    |         ^^\n\nwarning: path statement with no effect\n   --> tests/test1.rs:579:13\n    |\n579 |             j;\n    |             ^^\n\nwarning: path statement with no effect\n   --> tests/test1.rs:582:9\n    |\n582 |         i_0;\n    |         ^^^^\n\nwarning: path statement with no effect\n   --> tests/test1.rs:601:9\n    |\n601 |         i_1;\n    |         ^^^^\n\nwarning: path statement with no effect\n   --> tests/test1.rs:621:13\n    |\n621 |             i_2;\n    |             ^^^^\n\nwarning: path statement with no effect\n    --> tests/test1.rs:1022:9\n     |\n1022 |         i;\n     |         ^^\n\nwarning: path statement with no effect\n  --> tests/test2.rs:78:9\n   |\n78 |         leading_zeros;\n   |         ^^^^^^^^^^^^^^\n\nwarning: path statement with no effect\n  --> tests/test2.rs:80:9\n   |\n80 |         i;\n   |         ^^\n\nwarning: path statement with no effect\n   --> tests/test2.rs:134:9\n    |\n134 |         i;\n    |         ^^\n\nwarning: path statement with no effect\n   --> tests/test2.rs:147:9\n    |\n147 |         i;\n    |         ^^\n\nwarning: path statement with no effect\n   --> tests/test2.rs:164:9\n    |\n164 |         n;\n    |         ^^\n\nwarning: path statement with no effect\n   --> tests/test2.rs:180:9\n    |\n180 |         i;\n    |         ^^\n\nwarning: path statement with no effect\n   --> tests/test2.rs:231:9\n    |\n231 |         i;\n    |         ^^\n\nwarning: path statement with no effect\n   --> tests/test2.rs:253:9\n    |\n253 |         i;\n    |         ^^\n\nwarning: path statement with no effect\n   --> tests/test2.rs:273:9\n    |\n273 |         i;\n    |         ^^\n\nwarning: path statement with no effect\n   --> tests/test2.rs:416:9\n    |\n416 |         i;\n    |         ^^\n\nwarning: path statement with no effect\n   --> tests/test2.rs:477:9\n    |\n477 |         i;\n    |         ^^\n\nwarning: path statement with no effect\n   --> tests/test2.rs:497:13\n    |\n497 |             i_0;\n    |             ^^^^\n\nwarning: path statement with no effect\n   --> tests/test2.rs:552:9\n    |\n552 |         i;\n    |         ^^\n\nwarning: path statement with no effect\n   --> tests/test2.rs:579:13\n    |\n579 |             j;\n    |             ^^\n\nwarning: path statement with no effect\n   --> tests/test2.rs:582:9\n    |\n582 |         i_0;\n    |         ^^^^\n\nwarning: path statement with no effect\n   --> tests/test2.rs:601:9\n    |\n601 |         i_1;\n    |         ^^^^\n\nwarning: path statement with no effect\n   --> tests/test2.rs:621:13\n    |\n621 |             i_2;\n    |             ^^^^\n\nwarning: path statement with no effect\n    --> tests/test2.rs:1022:9\n     |\n1022 |         i;\n     |         ^^\n\nwarning: path statement with no effect\n  --> tests/test3.rs:78:9\n   |\n78 |         leading_zeros;\n   |         ^^^^^^^^^^^^^^\n\nwarning: path statement with no effect\n  --> tests/test3.rs:80:9\n   |\n80 |         i;\n   |         ^^\n\nwarning: path statement with no effect\n   --> tests/test3.rs:134:9\n    |\n134 |         i;\n    |         ^^\n\nwarning: path statement with no effect\n   --> tests/test3.rs:147:9\n    |\n147 |         i;\n    |         ^^\n\nwarning: path statement with no effect\n   --> tests/test3.rs:164:9\n    |\n164 |         n;\n    |         ^^\n\nwarning: path statement with no effect\n   --> tests/test3.rs:180:9\n    |\n180 |         i;\n    |         ^^\n\nwarning: path statement with no effect\n   --> tests/test3.rs:231:9\n    |\n231 |         i;\n    |         ^^\n\nwarning: path statement with no effect\n   --> tests/test3.rs:253:9\n    |\n253 |         i;\n    |         ^^\n\nwarning: path statement with no effect\n   --> tests/test3.rs:273:9\n    |\n273 |         i;\n    |         ^^\n\nwarning: path statement with no effect\n   --> tests/test3.rs:416:9\n    |\n416 |         i;\n    |         ^^\n\nwarning: path statement with no effect\n   --> tests/test3.rs:477:9\n    |\n477 |         i;\n    |         ^^\n\nwarning: path statement with no effect\n   --> tests/test3.rs:497:13\n    |\n497 |             i_0;\n    |             ^^^^\n\nwarning: path statement with no effect\n   --> tests/test3.rs:552:9\n    |\n552 |         i;\n    |         ^^\n\nwarning: path statement with no effect\n   --> tests/test3.rs:579:13\n    |\n579 |             j;\n    |             ^^\n\nwarning: path statement with no effect\n   --> tests/test3.rs:582:9\n    |\n582 |         i_0;\n    |         ^^^^\n\nwarning: path statement with no effect\n   --> tests/test3.rs:601:9\n    |\n601 |         i_1;\n    |         ^^^^\n\nwarning: path statement with no effect\n   --> tests/test3.rs:621:13\n    |\n621 |             i_2;\n    |             ^^^^\n\nwarning: path statement with no effect\n    --> tests/test3.rs:1022:9\n     |\n1022 |         i;\n     |         ^^\n\nerror: symbol `bigint_abs` is already defined\n   --> tests/test2.rs:333:1\n    |\n333 | pub unsafe extern \"C\" fn bigint_abs(mut n: bigint) -> bigint {\n    | ^^^^^^^^^^^^^^^^^^^^^^^^^^^^^^^^^^^^^^^^^^^^^^^^^^^^^^^^^^^^\n\nwarning: `c2rust_out` (lib) generated 76 warnings\nerror: could not compile `c2rust_out` due to previous error; 76 warnings emitted\n",
            "tests": []
        },
        {
            "program": "bitset",
            "status": "passed",
            "stage_failed": "",
            "error": "",
            "tests": [
                {
                    "name": "tests/test_bitset.c",
                    "status": "passed"
                }
            ]
        },
        {
            "program": "blt",
            "status": "failed",
            "stage_failed": "build",
            "error": "error: could not find `Cargo.toml` in `/mnt/c/Users/wuihee/Desktop/hayroll-tests/CBench/blt` or any parent directory\n",
            "tests": []
        },
        {
            "program": "bostree",
            "status": "failed",
            "stage_failed": "build",
            "error": "   Compiling c2rust_out v0.0.0 (/mnt/c/Users/wuihee/Desktop/hayroll-tests/CBench/bostree)\nwarning: path statement with no effect\n   --> bostree.rs:612:13\n    |\n612 |             index;\n    |             ^^^^^^\n    |\n    = note: `#[warn(path_statements)]` on by default\n\nwarning: path statement with no effect\n  --> tests/remove_bug.rs:74:9\n   |\n74 |         i;\n   |         ^^\n\nwarning: unused unary operation that must be used\n  --> tests/remove_bug.rs:98:9\n   |\n98 |         *fresh0;\n   |         ^^^^^^^ the unary operation produces a value\n   |\n   = note: `#[warn(unused_must_use)]` on by default\nhelp: use `let _ = ...` to ignore the resulting value\n   |\n98 |         let _ = *fresh0;\n   |         +++++++\n\nwarning: path statement with no effect\n  --> tests/remove_bug_2.rs:73:9\n   |\n73 |         i;\n   |         ^^\n\nwarning: path statement with no effect\n  --> tests/sanity.rs:87:9\n   |\n87 |         iter;\n   |         ^^^^^\n\nwarning: path statement with no effect\n   --> tests/sanity.rs:115:9\n    |\n115 |         iter;\n    |         ^^^^^\n\nwarning: path statement with no effect\n   --> tests/test_helpers.rs:112:9\n    |\n112 |         count;\n    |         ^^^^^^\n\nwarning: path statement with no effect\n   --> tests/test_helpers.rs:255:9\n    |\n255 |         i;\n    |         ^^\n\nwarning: path statement with no effect\n   --> tests/timing.rs:138:17\n    |\n138 |                 j;\n    |                 ^^\n\nwarning: path statement with no effect\n   --> tests/timing.rs:164:9\n    |\n164 |         i;\n    |         ^^\n\nwarning: path statement with no effect\n   --> tests/timing.rs:203:9\n    |\n203 |         i;\n    |         ^^\n\nerror: symbol `test_tree` is already defined\n  --> tests/remove_bug_2.rs:43:1\n   |\n43 | pub unsafe extern \"C\" fn test_tree() -> *mut BOSTree {\n   | ^^^^^^^^^^^^^^^^^^^^^^^^^^^^^^^^^^^^^^^^^^^^^^^^^^^^\n\nwarning: `c2rust_out` (lib) generated 11 warnings\nerror: could not compile `c2rust_out` due to previous error; 11 warnings emitted\n",
            "tests": []
        },
        {
            "program": "btree-map",
            "status": "passed",
            "stage_failed": "",
            "error": "",
            "tests": [
                {
                    "name": "tests/test.c",
                    "status": "passed"
                }
            ]
        },
        {
            "program": "c-aces",
            "status": "failed",
            "stage_failed": "link",
            "error": "",
            "tests": [
                {
                    "name": "tests/polynomial-test.c",
                    "status": "failed",
                    "error": "/usr/bin/ld: /usr/lib/gcc/x86_64-linux-gnu/11/../../../x86_64-linux-gnu/Scrt1.o: in function `_start':\n(.text+0x1b): undefined reference to `main'\ncollect2: error: ld returned 1 exit status\n"
                }
            ]
        },
        {
            "program": "c-blind-rsa-signatures",
            "status": "failed",
            "stage_failed": "link",
            "error": "",
            "tests": [
                {
                    "name": "src/test_blind_rsa.c",
                    "status": "failed",
                    "error": "/usr/bin/ld: target/release/libc2rust_out.a(c2rust_out-b1b23aaee402432b.c2rust_out.b1eaccca-cgu.0.rcgu.o): in function `brsa_context_init_default':\nc2rust_out.b1eaccca-cgu.0:(.text.brsa_context_init_default+0x6): undefined reference to `EVP_sha384'\n/usr/bin/ld: c2rust_out.b1eaccca-cgu.0:(.text.brsa_context_init_default+0x12): undefined reference to `EVP_MD_get_size'\n/usr/bin/ld: target/release/libc2rust_out.a(c2rust_out-b1b23aaee402432b.c2rust_out.b1eaccca-cgu.0.rcgu.o): in function `brsa_context_init_deterministic':\nc2rust_out.b1eaccca-cgu.0:(.text.brsa_context_init_deterministic+0x6): undefined reference to `EVP_sha384'\n/usr/bin/ld: target/release/libc2rust_out.a(c2rust_out-b1b23aaee402432b.c2rust_out.b1eaccca-cgu.0.rcgu.o): in function `brsa_context_init_custom':\nc2rust_out.b1eaccca-cgu.0:(.text.brsa_context_init_custom+0x1f): undefined reference to `EVP_sha256'\n/usr/bin/ld: c2rust_out.b1eaccca-cgu.0:(.text.brsa_context_init_custom+0x30): undefined reference to `EVP_sha512'\n/usr/bin/ld: c2rust_out.b1eaccca-cgu.0:(.text.brsa_context_init_custom+0x45): undefined reference to `EVP_sha384'\n/usr/bin/ld: c2rust_out.b1eaccca-cgu.0:(.text.brsa_context_init_custom+0x57): undefined reference to `EVP_MD_get_size'\n/usr/bin/ld: target/release/libc2rust_out.a(c2rust_out-b1b23aaee402432b.c2rust_out.b1eaccca-cgu.0.rcgu.o): in function `brsa_publickey_recover':\nc2rust_out.b1eaccca-cgu.0:(.text.brsa_publickey_recover+0x17): undefined reference to `i2d_PublicKey'\n/usr/bin/ld: c2rust_out.b1eaccca-cgu.0:(.text.brsa_publickey_recover+0x4c): undefined reference to `CRYPTO_clear_free'\n/usr/bin/ld: target/release/libc2rust_out.a(c2rust_out-b1b23aaee402432b.c2rust_out.b1eaccca-cgu.0.rcgu.o): in function `brsa_keypair_generate':\nc2rust_out.b1eaccca-cgu.0:(.text.brsa_keypair_generate+0x2d): undefined reference to `RSA_new'\n/usr/bin/ld: c2rust_out.b1eaccca-cgu.0:(.text.brsa_keypair_generate+0x45): undefined reference to `BN_new'\n/usr/bin/ld: c2rust_out.b1eaccca-cgu.0:(.text.brsa_keypair_generate+0x5f): undefined reference to `BN_set_word'\n/usr/bin/ld: c2rust_out.b1eaccca-cgu.0:(.text.brsa_keypair_generate+0x70): undefined reference to `RSA_generate_key_ex'\n/usr/bin/ld: c2rust_out.b1eaccca-cgu.0:(.text.brsa_keypair_generate+0x82): undefined reference to `BN_free'\n/usr/bin/ld: c2rust_out.b1eaccca-cgu.0:(.text.brsa_keypair_generate+0x88): undefined reference to `EVP_PKEY_new'\n/usr/bin/ld: c2rust_out.b1eaccca-cgu.0:(.text.brsa_keypair_generate+0xa1): undefined reference to `EVP_PKEY_assign'\n/usr/bin/ld: c2rust_out.b1eaccca-cgu.0:(.text.brsa_keypair_generate+0xb9): undefined reference to `i2d_PublicKey'\n/usr/bin/ld: c2rust_out.b1eaccca-cgu.0:(.text.brsa_keypair_generate+0xef): undefined reference to `CRYPTO_clear_free'\n/usr/bin/ld: c2rust_out.b1eaccca-cgu.0:(.text.brsa_keypair_generate+0xfa): undefined reference to `RSA_free'\n/usr/bin/ld: c2rust_out.b1eaccca-cgu.0:(.text.brsa_keypair_generate+0x105): undefined reference to `RSA_free'\n/usr/bin/ld: c2rust_out.b1eaccca-cgu.0:(.text.brsa_keypair_generate+0x10e): undefined reference to `BN_free'\n/usr/bin/ld: target/release/libc2rust_out.a(c2rust_out-b1b23aaee402432b.c2rust_out.b1eaccca-cgu.0.rcgu.o): in function `brsa_secretkey_import':\nc2rust_out.b1eaccca-cgu.0:(.text.brsa_secretkey_import+0x24): undefined reference to `d2i_PrivateKey'\n/usr/bin/ld: target/release/libc2rust_out.a(c2rust_out-b1b23aaee402432b.c2rust_out.b1eaccca-cgu.0.rcgu.o): in function `brsa_secretkey_export':\nc2rust_out.b1eaccca-cgu.0:(.text.brsa_secretkey_export+0x13): undefined reference to `i2d_PrivateKey'\n/usr/bin/ld: target/release/libc2rust_out.a(c2rust_out-b1b23aaee402432b.c2rust_out.b1eaccca-cgu.0.rcgu.o): in function `_ZN10c2rust_out3src9blind_rsa21_rsa_parameters_check17h8220f8f0e5aea1e1E.llvm.3854101988530627526':\nc2rust_out.b1eaccca-cgu.0:(.text._ZN10c2rust_out3src9blind_rsa21_rsa_parameters_check17h8220f8f0e5aea1e1E.llvm.3854101988530627526+0x11): undefined reference to `EVP_PKEY_get_bits'\n/usr/bin/ld: c2rust_out.b1eaccca-cgu.0:(.text._ZN10c2rust_out3src9blind_rsa21_rsa_parameters_check17h8220f8f0e5aea1e1E.llvm.3854101988530627526+0x1e): undefined reference to `ERR_new'\n/usr/bin/ld: c2rust_out.b1eaccca-cgu.0:(.text._ZN10c2rust_out3src9blind_rsa21_rsa_parameters_check17h8220f8f0e5aea1e1E.llvm.3854101988530627526+0x37): undefined reference to `ERR_set_debug'\n/usr/bin/ld: c2rust_out.b1eaccca-cgu.0:(.text._ZN10c2rust_out3src9blind_rsa21_rsa_parameters_check17h8220f8f0e5aea1e1E.llvm.3854101988530627526+0x50): undefined reference to `ERR_new'\n/usr/bin/ld: c2rust_out.b1eaccca-cgu.0:(.text._ZN10c2rust_out3src9blind_rsa21_rsa_parameters_check17h8220f8f0e5aea1e1E.llvm.3854101988530627526+0x69): undefined reference to `ERR_set_debug'\n/usr/bin/ld: c2rust_out.b1eaccca-cgu.0:(.text._ZN10c2rust_out3src9blind_rsa21_rsa_parameters_check17h8220f8f0e5aea1e1E.llvm.3854101988530627526+0x7d): undefined reference to `ERR_set_error'\n/usr/bin/ld: c2rust_out.b1eaccca-cgu.0:(.text._ZN10c2rust_out3src9blind_rsa21_rsa_parameters_check17h8220f8f0e5aea1e1E.llvm.3854101988530627526+0x97): undefined reference to `BN_new'\n/usr/bin/ld: c2rust_out.b1eaccca-cgu.0:(.text._ZN10c2rust_out3src9blind_rsa21_rsa_parameters_check17h8220f8f0e5aea1e1E.llvm.3854101988530627526+0xaa): undefined reference to `BN_new'\n/usr/bin/ld: c2rust_out.b1eaccca-cgu.0:(.text._ZN10c2rust_out3src9blind_rsa21_rsa_parameters_check17h8220f8f0e5aea1e1E.llvm.3854101988530627526+0xbd): undefined reference to `BN_set_word'\n/usr/bin/ld: c2rust_out.b1eaccca-cgu.0:(.text._ZN10c2rust_out3src9blind_rsa21_rsa_parameters_check17h8220f8f0e5aea1e1E.llvm.3854101988530627526+0xef): undefined reference to `EVP_PKEY_get_bn_param'\n/usr/bin/ld: c2rust_out.b1eaccca-cgu.0:(.text._ZN10c2rust_out3src9blind_rsa21_rsa_parameters_check17h8220f8f0e5aea1e1E.llvm.3854101988530627526+0x10a): undefined reference to `BN_cmp'\n/usr/bin/ld: c2rust_out.b1eaccca-cgu.0:(.text._ZN10c2rust_out3src9blind_rsa21_rsa_parameters_check17h8220f8f0e5aea1e1E.llvm.3854101988530627526+0x11a): undefined reference to `BN_cmp'\n/usr/bin/ld: c2rust_out.b1eaccca-cgu.0:(.text._ZN10c2rust_out3src9blind_rsa21_rsa_parameters_check17h8220f8f0e5aea1e1E.llvm.3854101988530627526+0x127): undefined reference to `BN_free'\n/usr/bin/ld: c2rust_out.b1eaccca-cgu.0:(.text._ZN10c2rust_out3src9blind_rsa21_rsa_parameters_check17h8220f8f0e5aea1e1E.llvm.3854101988530627526+0x147): undefined reference to `BN_free'\n/usr/bin/ld: target/release/libc2rust_out.a(c2rust_out-b1b23aaee402432b.c2rust_out.b1eaccca-cgu.0.rcgu.o): in function `brsa_publickey_import':\nc2rust_out.b1eaccca-cgu.0:(.text.brsa_publickey_import+0x41): undefined reference to `d2i_PublicKey'\n/usr/bin/ld: c2rust_out.b1eaccca-cgu.0:(.text.brsa_publickey_import+0x89): undefined reference to `EVP_PKEY_get_bn_param'\n/usr/bin/ld: c2rust_out.b1eaccca-cgu.0:(.text.brsa_publickey_import+0x9d): undefined reference to `BN_MONT_CTX_new'\n/usr/bin/ld: c2rust_out.b1eaccca-cgu.0:(.text.brsa_publickey_import+0xb2): undefined reference to `BN_CTX_new'\n/usr/bin/ld: c2rust_out.b1eaccca-cgu.0:(.text.brsa_publickey_import+0xc3): undefined reference to `BN_CTX_start'\n/usr/bin/ld: c2rust_out.b1eaccca-cgu.0:(.text.brsa_publickey_import+0xd2): undefined reference to `BN_MONT_CTX_set'\n/usr/bin/ld: c2rust_out.b1eaccca-cgu.0:(.text.brsa_publickey_import+0xe4): undefined reference to `BN_CTX_end'\n/usr/bin/ld: c2rust_out.b1eaccca-cgu.0:(.text.brsa_publickey_import+0xed): undefined reference to `BN_CTX_free'\n/usr/bin/ld: c2rust_out.b1eaccca-cgu.0:(.text.brsa_publickey_import+0xf7): undefined reference to `EVP_PKEY_free'\n/usr/bin/ld: c2rust_out.b1eaccca-cgu.0:(.text.brsa_publickey_import+0x108): undefined reference to `BN_MONT_CTX_free'\n/usr/bin/ld: c2rust_out.b1eaccca-cgu.0:(.text.brsa_publickey_import+0x13c): undefined reference to `BN_free'\n/usr/bin/ld: target/release/libc2rust_out.a(c2rust_out-b1b23aaee402432b.c2rust_out.b1eaccca-cgu.0.rcgu.o): in function `brsa_publickey_export':\nc2rust_out.b1eaccca-cgu.0:(.text.brsa_publickey_export+0x12): undefined reference to `i2d_PublicKey'\n/usr/bin/ld: target/release/libc2rust_out.a(c2rust_out-b1b23aaee402432b.c2rust_out.b1eaccca-cgu.0.rcgu.o): in function `brsa_secretkey_deinit':\nc2rust_out.b1eaccca-cgu.0:(.text.brsa_secretkey_deinit+0x9): undefined reference to `EVP_PKEY_free'\n/usr/bin/ld: target/release/libc2rust_out.a(c2rust_out-b1b23aaee402432b.c2rust_out.b1eaccca-cgu.0.rcgu.o): in function `brsa_publickey_deinit':\nc2rust_out.b1eaccca-cgu.0:(.text.brsa_publickey_deinit+0x9): undefined reference to `EVP_PKEY_free'\n/usr/bin/ld: c2rust_out.b1eaccca-cgu.0:(.text.brsa_publickey_deinit+0x1a): undefined reference to `BN_MONT_CTX_free'\n/usr/bin/ld: target/release/libc2rust_out.a(c2rust_out-b1b23aaee402432b.c2rust_out.b1eaccca-cgu.0.rcgu.o): in function `brsa_serializedkey_deinit':\nc2rust_out.b1eaccca-cgu.0:(.text.brsa_serializedkey_deinit+0x19): undefined reference to `CRYPTO_clear_free'\n/usr/bin/ld: target/release/libc2rust_out.a(c2rust_out-b1b23aaee402432b.c2rust_out.b1eaccca-cgu.0.rcgu.o): in function `brsa_blind_message_deinit':\nc2rust_out.b1eaccca-cgu.0:(.text.brsa_blind_message_deinit+0x19): undefined reference to `CRYPTO_clear_free'\n/usr/bin/ld: target/release/libc2rust_out.a(c2rust_out-b1b23aaee402432b.c2rust_out.b1eaccca-cgu.0.rcgu.o): in function `c2rust_out::src::blind_rsa::brsa_blind_message_init':\nc2rust_out.b1eaccca-cgu.0:(.text._ZN10c2rust_out3src9blind_rsa23brsa_blind_message_init17h60202276575ff450E+0x1c): undefined reference to `CRYPTO_malloc'\n/usr/bin/ld: c2rust_out.b1eaccca-cgu.0:(.text._ZN10c2rust_out3src9blind_rsa23brsa_blind_message_init17h60202276575ff450E+0x43): undefined reference to `CRYPTO_clear_free'\n/usr/bin/ld: target/release/libc2rust_out.a(c2rust_out-b1b23aaee402432b.c2rust_out.b1eaccca-cgu.0.rcgu.o): in function `brsa_blinding_secret_deinit':\nc2rust_out.b1eaccca-cgu.0:(.text.brsa_blinding_secret_deinit+0x19): undefined reference to `CRYPTO_clear_free'\n/usr/bin/ld: target/release/libc2rust_out.a(c2rust_out-b1b23aaee402432b.c2rust_out.b1eaccca-cgu.0.rcgu.o): in function `c2rust_out::src::blind_rsa::brsa_blinding_secret_init':\nc2rust_out.b1eaccca-cgu.0:(.text._ZN10c2rust_out3src9blind_rsa25brsa_blinding_secret_init17h4f602e71031ed2feE+0x1c): undefined reference to `CRYPTO_malloc'\n/usr/bin/ld: c2rust_out.b1eaccca-cgu.0:(.text._ZN10c2rust_out3src9blind_rsa25brsa_blinding_secret_init17h4f602e71031ed2feE+0x43): undefined reference to `CRYPTO_clear_free'\n/usr/bin/ld: target/release/libc2rust_out.a(c2rust_out-b1b23aaee402432b.c2rust_out.b1eaccca-cgu.0.rcgu.o): in function `brsa_blind_signature_deinit':\nc2rust_out.b1eaccca-cgu.0:(.text.brsa_blind_signature_deinit+0x15): undefined reference to `CRYPTO_free'\n/usr/bin/ld: target/release/libc2rust_out.a(c2rust_out-b1b23aaee402432b.c2rust_out.b1eaccca-cgu.0.rcgu.o): in function `brsa_signature_deinit':\nc2rust_out.b1eaccca-cgu.0:(.text.brsa_signature_deinit+0x15): undefined reference to `CRYPTO_free'\n/usr/bin/ld: target/release/libc2rust_out.a(c2rust_out-b1b23aaee402432b.c2rust_out.b1eaccca-cgu.0.rcgu.o): in function `_ZN10c2rust_out3src9blind_rsa5_hash17hf8299550941e9d5cE.llvm.3854101988530627526':\nc2rust_out.b1eaccca-cgu.0:(.text._ZN10c2rust_out3src9blind_rsa5_hash17hf8299550941e9d5cE.llvm.3854101988530627526+0x1f): undefined reference to `EVP_MD_get_size'\n/usr/bin/ld: c2rust_out.b1eaccca-cgu.0:(.text._ZN10c2rust_out3src9blind_rsa5_hash17hf8299550941e9d5cE.llvm.3854101988530627526+0x42): undefined reference to `EVP_MD_CTX_new'\n/usr/bin/ld: c2rust_out.b1eaccca-cgu.0:(.text._ZN10c2rust_out3src9blind_rsa5_hash17hf8299550941e9d5cE.llvm.3854101988530627526+0x56): undefined reference to `EVP_DigestInit'\n/usr/bin/ld: c2rust_out.b1eaccca-cgu.0:(.text._ZN10c2rust_out3src9blind_rsa5_hash17hf8299550941e9d5cE.llvm.3854101988530627526+0x78): undefined reference to `EVP_DigestUpdate'\n/usr/bin/ld: c2rust_out.b1eaccca-cgu.0:(.text._ZN10c2rust_out3src9blind_rsa5_hash17hf8299550941e9d5cE.llvm.3854101988530627526+0x8f): undefined reference to `EVP_DigestUpdate'\n/usr/bin/ld: c2rust_out.b1eaccca-cgu.0:(.text._ZN10c2rust_out3src9blind_rsa5_hash17hf8299550941e9d5cE.llvm.3854101988530627526+0xa4): undefined reference to `EVP_DigestFinal_ex'\n/usr/bin/ld: c2rust_out.b1eaccca-cgu.0:(.text._ZN10c2rust_out3src9blind_rsa5_hash17hf8299550941e9d5cE.llvm.3854101988530627526+0xba): undefined reference to `EVP_MD_CTX_free'\n/usr/bin/ld: target/release/libc2rust_out.a(c2rust_out-b1b23aaee402432b.c2rust_out.b1eaccca-cgu.0.rcgu.o): in function `brsa_blind':\nc2rust_out.b1eaccca-cgu.0:(.text.brsa_blind+0x52): undefined reference to `EVP_PKEY_get_size'\n/usr/bin/ld: c2rust_out.b1eaccca-cgu.0:(.text.brsa_blind+0x68): undefined reference to `RAND_bytes'\n/usr/bin/ld: c2rust_out.b1eaccca-cgu.0:(.text.brsa_blind+0xe3): undefined reference to `EVP_MD_get_size'\n/usr/bin/ld: c2rust_out.b1eaccca-cgu.0:(.text.brsa_blind+0xfc): undefined reference to `EVP_MD_CTX_new'\n/usr/bin/ld: c2rust_out.b1eaccca-cgu.0:(.text.brsa_blind+0x119): undefined reference to `EVP_DigestInit'\n/usr/bin/ld: c2rust_out.b1eaccca-cgu.0:(.text.brsa_blind+0x137): undefined reference to `EVP_DigestUpdate'\n/usr/bin/ld: c2rust_out.b1eaccca-cgu.0:(.text.brsa_blind+0x14c): undefined reference to `EVP_DigestFinal_ex'\n/usr/bin/ld: c2rust_out.b1eaccca-cgu.0:(.text.brsa_blind+0x160): undefined reference to `EVP_MD_CTX_free'\n/usr/bin/ld: c2rust_out.b1eaccca-cgu.0:(.text.brsa_blind+0x18e): undefined reference to `CRYPTO_malloc'\n/usr/bin/ld: c2rust_out.b1eaccca-cgu.0:(.text.brsa_blind+0x1a7): undefined reference to `EVP_PKEY_get0_RSA'\n/usr/bin/ld: c2rust_out.b1eaccca-cgu.0:(.text.brsa_blind+0x1c2): undefined reference to `RSA_padding_add_PKCS1_PSS_mgf1'\n/usr/bin/ld: c2rust_out.b1eaccca-cgu.0:(.text.brsa_blind+0x1e0): undefined reference to `OPENSSL_cleanse'\n/usr/bin/ld: c2rust_out.b1eaccca-cgu.0:(.text.brsa_blind+0x1e6): undefined reference to `BN_CTX_new'\n/usr/bin/ld: c2rust_out.b1eaccca-cgu.0:(.text.brsa_blind+0x200): undefined reference to `BN_CTX_start'\n/usr/bin/ld: c2rust_out.b1eaccca-cgu.0:(.text.brsa_blind+0x209): undefined reference to `BN_CTX_get'\n/usr/bin/ld: c2rust_out.b1eaccca-cgu.0:(.text.brsa_blind+0x220): undefined reference to `BN_bin2bn'\n/usr/bin/ld: c2rust_out.b1eaccca-cgu.0:(.text.brsa_blind+0x251): undefined reference to `EVP_PKEY_get_bn_param'\n/usr/bin/ld: c2rust_out.b1eaccca-cgu.0:(.text.brsa_blind+0x268): undefined reference to `BN_CTX_get'\n/usr/bin/ld: c2rust_out.b1eaccca-cgu.0:(.text.brsa_blind+0x286): undefined reference to `BN_gcd'\n/usr/bin/ld: c2rust_out.b1eaccca-cgu.0:(.text.brsa_blind+0x28f): undefined reference to `BN_is_one'\n/usr/bin/ld: c2rust_out.b1eaccca-cgu.0:(.text.brsa_blind+0x2a3): undefined reference to `BN_CTX_get'\n/usr/bin/ld: c2rust_out.b1eaccca-cgu.0:(.text.brsa_blind+0x2d8): undefined reference to `BN_rand_range'\n/usr/bin/ld: c2rust_out.b1eaccca-cgu.0:(.text.brsa_blind+0x2e8): undefined reference to `BN_is_one'\n/usr/bin/ld: c2rust_out.b1eaccca-cgu.0:(.text.brsa_blind+0x2ef): undefined reference to `BN_rand_range'\n/usr/bin/ld: c2rust_out.b1eaccca-cgu.0:(.text.brsa_blind+0x32b): undefined reference to `BN_mod_inverse'\n/usr/bin/ld: c2rust_out.b1eaccca-cgu.0:(.text.brsa_blind+0x33f): undefined reference to `BN_CTX_get'\n/usr/bin/ld: c2rust_out.b1eaccca-cgu.0:(.text.brsa_blind+0x386): undefined reference to `EVP_PKEY_get_bn_param'\n/usr/bin/ld: c2rust_out.b1eaccca-cgu.0:(.text.brsa_blind+0x3b1): undefined reference to `BN_mod_exp_mont'\n/usr/bin/ld: c2rust_out.b1eaccca-cgu.0:(.text.brsa_blind+0x3bc): undefined reference to `BN_free'\n/usr/bin/ld: c2rust_out.b1eaccca-cgu.0:(.text.brsa_blind+0x3ce): undefined reference to `BN_clear'\n/usr/bin/ld: c2rust_out.b1eaccca-cgu.0:(.text.brsa_blind+0x3eb): undefined reference to `BN_mod_mul'\n/usr/bin/ld: c2rust_out.b1eaccca-cgu.0:(.text.brsa_blind+0x3f6): undefined reference to `BN_free'\n/usr/bin/ld: c2rust_out.b1eaccca-cgu.0:(.text.brsa_blind+0x408): undefined reference to `EVP_PKEY_get_size'\n/usr/bin/ld: c2rust_out.b1eaccca-cgu.0:(.text.brsa_blind+0x44b): undefined reference to `BN_bn2binpad'\n/usr/bin/ld: c2rust_out.b1eaccca-cgu.0:(.text.brsa_blind+0x475): undefined reference to `BN_bn2binpad'\n/usr/bin/ld: c2rust_out.b1eaccca-cgu.0:(.text.brsa_blind+0x498): undefined reference to `BN_free'\n/usr/bin/ld: c2rust_out.b1eaccca-cgu.0:(.text.brsa_blind+0x4a5): undefined reference to `BN_CTX_end'\n/usr/bin/ld: c2rust_out.b1eaccca-cgu.0:(.text.brsa_blind+0x4ae): undefined reference to `BN_CTX_free'\n/usr/bin/ld: c2rust_out.b1eaccca-cgu.0:(.text.brsa_blind+0x4c8): undefined reference to `CRYPTO_clear_free'\n/usr/bin/ld: c2rust_out.b1eaccca-cgu.0:(.text.brsa_blind+0x4d9): undefined reference to `BN_free'\n/usr/bin/ld: target/release/libc2rust_out.a(c2rust_out-b1b23aaee402432b.c2rust_out.b1eaccca-cgu.0.rcgu.o): in function `brsa_blind_message_generate':\nc2rust_out.b1eaccca-cgu.0:(.text.brsa_blind_message_generate+0x24): undefined reference to `RAND_bytes'\n/usr/bin/ld: target/release/libc2rust_out.a(c2rust_out-b1b23aaee402432b.c2rust_out.b1eaccca-cgu.0.rcgu.o): in function `brsa_blind_sign':\nc2rust_out.b1eaccca-cgu.0:(.text.brsa_blind_sign+0x3a): undefined reference to `EVP_PKEY_get_size'\n/usr/bin/ld: c2rust_out.b1eaccca-cgu.0:(.text.brsa_blind_sign+0x68): undefined reference to `EVP_PKEY_get_bn_param'\n/usr/bin/ld: c2rust_out.b1eaccca-cgu.0:(.text.brsa_blind_sign+0x8f): undefined reference to `CRYPTO_malloc'\n/usr/bin/ld: c2rust_out.b1eaccca-cgu.0:(.text.brsa_blind_sign+0xae): undefined reference to `BN_bn2binpad'\n/usr/bin/ld: c2rust_out.b1eaccca-cgu.0:(.text.brsa_blind_sign+0xc0): undefined reference to `BN_free'\n/usr/bin/ld: c2rust_out.b1eaccca-cgu.0:(.text.brsa_blind_sign+0x10e): undefined reference to `CRYPTO_free'\n/usr/bin/ld: c2rust_out.b1eaccca-cgu.0:(.text.brsa_blind_sign+0x114): undefined reference to `ERR_new'\n/usr/bin/ld: c2rust_out.b1eaccca-cgu.0:(.text.brsa_blind_sign+0x12b): undefined reference to `ERR_new'\n/usr/bin/ld: c2rust_out.b1eaccca-cgu.0:(.text.brsa_blind_sign+0x144): undefined reference to `ERR_set_debug'\n/usr/bin/ld: c2rust_out.b1eaccca-cgu.0:(.text.brsa_blind_sign+0x158): undefined reference to `ERR_set_error'\n/usr/bin/ld: c2rust_out.b1eaccca-cgu.0:(.text.brsa_blind_sign+0x178): undefined reference to `BN_free'\n/usr/bin/ld: c2rust_out.b1eaccca-cgu.0:(.text.brsa_blind_sign+0x18f): undefined reference to `CRYPTO_free'\n/usr/bin/ld: c2rust_out.b1eaccca-cgu.0:(.text.brsa_blind_sign+0x198): undefined reference to `BN_free'\n/usr/bin/ld: c2rust_out.b1eaccca-cgu.0:(.text.brsa_blind_sign+0x1b2): undefined reference to `CRYPTO_free'\n/usr/bin/ld: c2rust_out.b1eaccca-cgu.0:(.text.brsa_blind_sign+0x1bc): undefined reference to `EVP_PKEY_get_size'\n/usr/bin/ld: c2rust_out.b1eaccca-cgu.0:(.text.brsa_blind_sign+0x1d6): undefined reference to `CRYPTO_malloc'\n/usr/bin/ld: c2rust_out.b1eaccca-cgu.0:(.text.brsa_blind_sign+0x1f2): undefined reference to `EVP_PKEY_get0_RSA'\n/usr/bin/ld: c2rust_out.b1eaccca-cgu.0:(.text.brsa_blind_sign+0x20a): undefined reference to `RSA_private_encrypt'\n/usr/bin/ld: c2rust_out.b1eaccca-cgu.0:(.text.brsa_blind_sign+0x234): undefined reference to `CRYPTO_free'\n/usr/bin/ld: target/release/libc2rust_out.a(c2rust_out-b1b23aaee402432b.c2rust_out.b1eaccca-cgu.0.rcgu.o): in function `_ZN10c2rust_out3src9blind_rsa17rsassa_pss_verify17h6030c303846597d0E.llvm.3854101988530627526':\nc2rust_out.b1eaccca-cgu.0:(.text._ZN10c2rust_out3src9blind_rsa17rsassa_pss_verify17h6030c303846597d0E.llvm.3854101988530627526+0x25): undefined reference to `EVP_PKEY_get_size'\n/usr/bin/ld: c2rust_out.b1eaccca-cgu.0:(.text._ZN10c2rust_out3src9blind_rsa17rsassa_pss_verify17h6030c303846597d0E.llvm.3854101988530627526+0x7e): undefined reference to `CRYPTO_malloc'\n/usr/bin/ld: c2rust_out.b1eaccca-cgu.0:(.text._ZN10c2rust_out3src9blind_rsa17rsassa_pss_verify17h6030c303846597d0E.llvm.3854101988530627526+0x9a): undefined reference to `EVP_PKEY_get0_RSA'\n/usr/bin/ld: c2rust_out.b1eaccca-cgu.0:(.text._ZN10c2rust_out3src9blind_rsa17rsassa_pss_verify17h6030c303846597d0E.llvm.3854101988530627526+0xb1): undefined reference to `RSA_public_decrypt'\n/usr/bin/ld: c2rust_out.b1eaccca-cgu.0:(.text._ZN10c2rust_out3src9blind_rsa17rsassa_pss_verify17h6030c303846597d0E.llvm.3854101988530627526+0xc6): undefined reference to `EVP_PKEY_get0_RSA'\n/usr/bin/ld: c2rust_out.b1eaccca-cgu.0:(.text._ZN10c2rust_out3src9blind_rsa17rsassa_pss_verify17h6030c303846597d0E.llvm.3854101988530627526+0xdf): undefined reference to `RSA_verify_PKCS1_PSS_mgf1'\n/usr/bin/ld: c2rust_out.b1eaccca-cgu.0:(.text._ZN10c2rust_out3src9blind_rsa17rsassa_pss_verify17h6030c303846597d0E.llvm.3854101988530627526+0x100): undefined reference to `ERR_new'\n/usr/bin/ld: c2rust_out.b1eaccca-cgu.0:(.text._ZN10c2rust_out3src9blind_rsa17rsassa_pss_verify17h6030c303846597d0E.llvm.3854101988530627526+0x119): undefined reference to `ERR_set_debug'\n/usr/bin/ld: c2rust_out.b1eaccca-cgu.0:(.text._ZN10c2rust_out3src9blind_rsa17rsassa_pss_verify17h6030c303846597d0E.llvm.3854101988530627526+0x12d): undefined reference to `ERR_set_error'\n/usr/bin/ld: c2rust_out.b1eaccca-cgu.0:(.text._ZN10c2rust_out3src9blind_rsa17rsassa_pss_verify17h6030c303846597d0E.llvm.3854101988530627526+0x15d): undefined reference to `CRYPTO_free'\n/usr/bin/ld: target/release/libc2rust_out.a(c2rust_out-b1b23aaee402432b.c2rust_out.b1eaccca-cgu.0.rcgu.o): in function `brsa_finalize':\nc2rust_out.b1eaccca-cgu.0:(.text.brsa_finalize+0x3b): undefined reference to `EVP_PKEY_get_size'\n/usr/bin/ld: c2rust_out.b1eaccca-cgu.0:(.text.brsa_finalize+0x66): undefined reference to `BN_CTX_new'\n/usr/bin/ld: c2rust_out.b1eaccca-cgu.0:(.text.brsa_finalize+0x80): undefined reference to `BN_CTX_start'\n/usr/bin/ld: c2rust_out.b1eaccca-cgu.0:(.text.brsa_finalize+0x87): undefined reference to `BN_CTX_get'\n/usr/bin/ld: c2rust_out.b1eaccca-cgu.0:(.text.brsa_finalize+0xdd): undefined reference to `BN_bin2bn'\n/usr/bin/ld: c2rust_out.b1eaccca-cgu.0:(.text.brsa_finalize+0xf6): undefined reference to `BN_bin2bn'\n/usr/bin/ld: c2rust_out.b1eaccca-cgu.0:(.text.brsa_finalize+0x11e): undefined reference to `EVP_PKEY_get_bn_param'\n/usr/bin/ld: c2rust_out.b1eaccca-cgu.0:(.text.brsa_finalize+0x143): undefined reference to `BN_mod_mul'\n/usr/bin/ld: c2rust_out.b1eaccca-cgu.0:(.text.brsa_finalize+0x14f): undefined reference to `BN_free'\n/usr/bin/ld: c2rust_out.b1eaccca-cgu.0:(.text.brsa_finalize+0x163): undefined reference to `EVP_PKEY_get_size'\n/usr/bin/ld: c2rust_out.b1eaccca-cgu.0:(.text.brsa_finalize+0x181): undefined reference to `CRYPTO_malloc'\n/usr/bin/ld: c2rust_out.b1eaccca-cgu.0:(.text.brsa_finalize+0x19d): undefined reference to `BN_bn2binpad'\n/usr/bin/ld: c2rust_out.b1eaccca-cgu.0:(.text.brsa_finalize+0x1da): undefined reference to `ERR_new'\n/usr/bin/ld: c2rust_out.b1eaccca-cgu.0:(.text.brsa_finalize+0x1f3): undefined reference to `ERR_set_debug'\n/usr/bin/ld: c2rust_out.b1eaccca-cgu.0:(.text.brsa_finalize+0x207): undefined reference to `ERR_set_error'\n/usr/bin/ld: c2rust_out.b1eaccca-cgu.0:(.text.brsa_finalize+0x233): undefined reference to `BN_CTX_end'\n/usr/bin/ld: c2rust_out.b1eaccca-cgu.0:(.text.brsa_finalize+0x23c): undefined reference to `BN_CTX_free'\n/usr/bin/ld: c2rust_out.b1eaccca-cgu.0:(.text.brsa_finalize+0x25b): undefined reference to `CRYPTO_free'\n/usr/bin/ld: target/release/libc2rust_out.a(c2rust_out-b1b23aaee402432b.c2rust_out.b1eaccca-cgu.0.rcgu.o): in function `brsa_publickey_export_spki':\nc2rust_out.b1eaccca-cgu.0:(.text.brsa_publickey_export_spki+0x27): undefined reference to `i2d_PublicKey'\n/usr/bin/ld: c2rust_out.b1eaccca-cgu.0:(.text.brsa_publickey_export_spki+0x52): undefined reference to `CRYPTO_malloc'\n/usr/bin/ld: c2rust_out.b1eaccca-cgu.0:(.text.brsa_publickey_export_spki+0xe8): undefined reference to `CRYPTO_clear_free'\n/usr/bin/ld: c2rust_out.b1eaccca-cgu.0:(.text.brsa_publickey_export_spki+0xf7): undefined reference to `X509_ALGOR_new'\n/usr/bin/ld: c2rust_out.b1eaccca-cgu.0:(.text.brsa_publickey_export_spki+0x110): undefined reference to `X509_ALGOR_set_md'\n/usr/bin/ld: c2rust_out.b1eaccca-cgu.0:(.text.brsa_publickey_export_spki+0x116): undefined reference to `ASN1_STRING_new'\n/usr/bin/ld: c2rust_out.b1eaccca-cgu.0:(.text.brsa_publickey_export_spki+0x12a): undefined reference to `X509_ALGOR_it'\n/usr/bin/ld: c2rust_out.b1eaccca-cgu.0:(.text.brsa_publickey_export_spki+0x13b): undefined reference to `ASN1_item_pack'\n/usr/bin/ld: c2rust_out.b1eaccca-cgu.0:(.text.brsa_publickey_export_spki+0x144): undefined reference to `X509_ALGOR_free'\n/usr/bin/ld: c2rust_out.b1eaccca-cgu.0:(.text.brsa_publickey_export_spki+0x14f): undefined reference to `ASN1_STRING_get0_data'\n/usr/bin/ld: c2rust_out.b1eaccca-cgu.0:(.text.brsa_publickey_export_spki+0x15d): undefined reference to `ASN1_STRING_length'\n/usr/bin/ld: c2rust_out.b1eaccca-cgu.0:(.text.brsa_publickey_export_spki+0x1b2): undefined reference to `ASN1_STRING_free'\n/usr/bin/ld: c2rust_out.b1eaccca-cgu.0:(.text.brsa_publickey_export_spki+0x1e6): undefined reference to `CRYPTO_clear_free'\n/usr/bin/ld: c2rust_out.b1eaccca-cgu.0:(.text.brsa_publickey_export_spki+0x200): undefined reference to `CRYPTO_free'\n/usr/bin/ld: c2rust_out.b1eaccca-cgu.0:(.text.brsa_publickey_export_spki+0x217): undefined reference to `CRYPTO_free'\n/usr/bin/ld: c2rust_out.b1eaccca-cgu.0:(.text.brsa_publickey_export_spki+0x220): undefined reference to `X509_ALGOR_free'\n/usr/bin/ld: c2rust_out.b1eaccca-cgu.0:(.text.brsa_publickey_export_spki+0x22d): undefined reference to `ASN1_STRING_length'\n/usr/bin/ld: c2rust_out.b1eaccca-cgu.0:(.text.brsa_publickey_export_spki+0x270): undefined reference to `CRYPTO_free'\n/usr/bin/ld: c2rust_out.b1eaccca-cgu.0:(.text.brsa_publickey_export_spki+0x27b): undefined reference to `ASN1_STRING_free'\n/usr/bin/ld: target/release/libc2rust_out.a(c2rust_out-b1b23aaee402432b.c2rust_out.b1eaccca-cgu.0.rcgu.o): in function `brsa_publickey_id':\nc2rust_out.b1eaccca-cgu.0:(.text.brsa_publickey_id+0x72): undefined reference to `SHA256_Init'\n/usr/bin/ld: c2rust_out.b1eaccca-cgu.0:(.text.brsa_publickey_id+0x9a): undefined reference to `SHA256_Update'\n/usr/bin/ld: c2rust_out.b1eaccca-cgu.0:(.text.brsa_publickey_id+0xaf): undefined reference to `SHA256_Final'\n/usr/bin/ld: c2rust_out.b1eaccca-cgu.0:(.text.brsa_publickey_id+0xcc): undefined reference to `CRYPTO_clear_free'\ncollect2: error: ld returned 1 exit status\n"
                }
            ]
        },
        {
            "program": "c-string",
            "status": "passed",
            "stage_failed": "",
            "error": "",
            "tests": [
                {
                    "name": "tests/example.c",
                    "status": "passed"
                },
                {
                    "name": "tests/test_string_t.c",
                    "status": "passed"
                }
            ]
        },
        {
            "program": "carrays",
            "status": "passed",
            "stage_failed": "",
            "error": "",
            "tests": [
                {
                    "name": "tests/test.c",
                    "status": "passed"
                }
            ]
        },
        {
            "program": "cfsm",
            "status": "failed",
            "stage_failed": "build",
            "error": "   Compiling c2rust_out v0.0.0 (/mnt/c/Users/wuihee/Desktop/hayroll-tests/CBench/cfsm)\nerror[E0583]: file not found for module `unity`\n  --> c2rust-lib.rs:18:1\n   |\n18 | pub mod unity;\n   | ^^^^^^^^^^^^^^\n   |\n   = help: to create the module `unity`, create file \"tests/Unity_2_5_2/src/unity.rs\" or \"tests/Unity_2_5_2/src/unity/mod.rs\"\n\nFor more information about this error, try `rustc --explain E0583`.\nerror: could not compile `c2rust_out` due to previous error\n",
            "tests": []
        },
        {
            "program": "chtrie",
            "status": "passed",
            "stage_failed": "",
            "error": "",
            "tests": [
                {
                    "name": "tests/test.c",
                    "status": "passed"
                }
            ]
        },
        {
            "program": "CircularBuffer",
            "status": "failed",
            "stage_failed": "make",
            "error": "tests/test.c:1:10: fatal error: ../src/CircularBuffer.h: No such file or directory\n    1 | #include \"../src/CircularBuffer.h\"\n      |          ^~~~~~~~~~~~~~~~~~~~~~~~~\ncompilation terminated.\nmake: *** [makefile:32: tests/test.o] Error 1\n",
            "tests": []
        },
        {
            "program": "cissy",
            "status": "passed",
            "stage_failed": "",
            "error": "",
            "tests": [
                {
                    "name": "test/test_csvfield.c",
                    "status": "passed"
                },
                {
                    "name": "test/test_csvline.c",
                    "status": "passed"
                },
                {
                    "name": "test/test_range.c",
                    "status": "passed"
                }
            ]
        },
        {
            "program": "cJSON",
            "status": "failed",
            "stage_failed": "link",
            "error": "",
            "tests": [
                {
                    "name": "tests/main.c",
                    "status": "passed"
                },
                {
                    "name": "tests/example.c",
                    "status": "failed",
                    "error": "tests/example.c: In function \u2018main\u2019:\ntests/example.c:26:9: warning: implicit declaration of function \u2018parse_and_callback\u2019 [-Wimplicit-function-declaration]\n   26 |         parse_and_callback(root, \"prefix\");\n      |         ^~~~~~~~~~~~~~~~~~\n/usr/bin/ld: /tmp/ccVkRNCO.o: in function `main':\nexample.c:(.text+0x175): undefined reference to `parse_and_callback'\ncollect2: error: ld returned 1 exit status\n"
                }
            ]
        },
        {
            "program": "clhash",
            "status": "failed",
            "stage_failed": "build",
            "error": "error: could not find `Cargo.toml` in `/mnt/c/Users/wuihee/Desktop/hayroll-tests/CBench/clhash` or any parent directory\n",
            "tests": []
        },
        {
            "program": "clog",
            "status": "failed",
            "stage_failed": "test",
            "error": "",
            "tests": [
                {
                    "name": "tests/clog_test_c.c",
                    "status": "failed",
                    "error": "Logger 0 already initialized.\nUnable to open path-doesnt-exist/log.out: No such file or directory\nclog_set_fmt: Format specifier too long.\n"
                }
            ]
        },
        {
            "program": "coroutine",
            "status": "passed",
            "stage_failed": "",
            "error": "",
            "tests": [
                {
                    "name": "tests/test.c",
                    "status": "passed"
                }
            ]
        },
        {
            "program": "cset",
            "status": "passed",
            "stage_failed": "",
            "error": "",
            "tests": [
                {
                    "name": "tests/test.c",
                    "status": "passed"
                }
            ]
        },
        {
            "program": "csyncmers",
            "status": "failed",
            "stage_failed": "build",
            "error": "   Compiling c2rust_out v0.0.0 (/mnt/c/Users/wuihee/Desktop/hayroll-tests/CBench/csyncmers)\nwarning: `extern` fn uses type `u128`, which is not FFI-safe\n  --> tests/benchmark.rs:85:25\n   |\n85 |     mut minimizer_hash: __uint128_t,\n   |                         ^^^^^^^^^^^ not FFI-safe\n   |\n   = note: `#[warn(improper_ctypes_definitions)]` on by default\n   = note: 128-bit integers don't currently have a known stable ABI\n\nwarning: unused unary operation that must be used\n  --> tests/benchmark.rs:93:5\n   |\n93 |     *size;\n   |     ^^^^^ the unary operation produces a value\n   |\n   = note: `#[warn(unused_must_use)]` on by default\nhelp: use `let _ = ...` to ignore the resulting value\n   |\n93 |     let _ = *size;\n   |     +++++++\n\nwarning: path statement with no effect\n   --> tests/benchmark.rs:142:9\n    |\n142 |         i;\n    |         ^^\n    |\n    = note: `#[warn(path_statements)]` on by default\n\nwarning: path statement with no effect\n   --> tests/benchmark.rs:162:13\n    |\n162 |             back;\n    |             ^^^^^\n\nwarning: path statement with no effect\n   --> tests/benchmark.rs:171:13\n    |\n171 |             front;\n    |             ^^^^^^\n\nwarning: path statement with no effect\n   --> tests/benchmark.rs:194:9\n    |\n194 |         i_0;\n    |         ^^^^\n\nwarning: path statement with no effect\n   --> tests/benchmark.rs:228:17\n    |\n228 |                 k;\n    |                 ^^\n\nwarning: path statement with no effect\n   --> tests/benchmark.rs:241:17\n    |\n241 |                 k_0;\n    |                 ^^^^\n\nwarning: path statement with no effect\n   --> tests/benchmark.rs:254:13\n    |\n254 |             j;\n    |             ^^\n\nwarning: unused unary operation that must be used\n   --> tests/benchmark.rs:264:13\n    |\n264 |             *num_results;\n    |             ^^^^^^^^^^^^ the unary operation produces a value\n    |\nhelp: use `let _ = ...` to ignore the resulting value\n    |\n264 |             let _ = *num_results;\n    |             +++++++\n\nwarning: path statement with no effect\n   --> tests/benchmark.rs:267:9\n    |\n267 |         i;\n    |         ^^\n\nwarning: path statement with no effect\n   --> tests/benchmark.rs:304:13\n    |\n304 |             j;\n    |             ^^\n\nwarning: path statement with no effect\n   --> tests/benchmark.rs:309:9\n    |\n309 |         i;\n    |         ^^\n\nwarning: path statement with no effect\n   --> tests/benchmark.rs:329:9\n    |\n329 |         i_0;\n    |         ^^^^\n\nwarning: path statement with no effect\n   --> tests/benchmark.rs:350:9\n    |\n350 |         i_1;\n    |         ^^^^\n\nwarning: `extern` fn uses type `u128`, which is not FFI-safe\n  --> tests/test.rs:83:25\n   |\n83 |     mut minimizer_hash: __uint128_t,\n   |                         ^^^^^^^^^^^ not FFI-safe\n   |\n   = note: 128-bit integers don't currently have a known stable ABI\n\nwarning: unused unary operation that must be used\n  --> tests/test.rs:91:5\n   |\n91 |     *size;\n   |     ^^^^^ the unary operation produces a value\n   |\nhelp: use `let _ = ...` to ignore the resulting value\n   |\n91 |     let _ = *size;\n   |     +++++++\n\nwarning: path statement with no effect\n   --> tests/test.rs:140:9\n    |\n140 |         i;\n    |         ^^\n\nwarning: path statement with no effect\n   --> tests/test.rs:160:13\n    |\n160 |             back;\n    |             ^^^^^\n\nwarning: path statement with no effect\n   --> tests/test.rs:169:13\n    |\n169 |             front;\n    |             ^^^^^^\n\nwarning: path statement with no effect\n   --> tests/test.rs:192:9\n    |\n192 |         i_0;\n    |         ^^^^\n\nwarning: path statement with no effect\n   --> tests/test.rs:226:17\n    |\n226 |                 k;\n    |                 ^^\n\nwarning: path statement with no effect\n   --> tests/test.rs:239:17\n    |\n239 |                 k_0;\n    |                 ^^^^\n\nwarning: path statement with no effect\n   --> tests/test.rs:252:13\n    |\n252 |             j;\n    |             ^^\n\nwarning: unused unary operation that must be used\n   --> tests/test.rs:262:13\n    |\n262 |             *num_results;\n    |             ^^^^^^^^^^^^ the unary operation produces a value\n    |\nhelp: use `let _ = ...` to ignore the resulting value\n    |\n262 |             let _ = *num_results;\n    |             +++++++\n\nwarning: path statement with no effect\n   --> tests/test.rs:265:9\n    |\n265 |         i;\n    |         ^^\n\nwarning: path statement with no effect\n   --> tests/test.rs:281:9\n    |\n281 |         i;\n    |         ^^\n\nwarning: path statement with no effect\n   --> tests/test.rs:342:13\n    |\n342 |             i;\n    |             ^^\n\nwarning: path statement with no effect\n   --> tests/test.rs:372:13\n    |\n372 |             i_0;\n    |             ^^^^\n\nwarning: path statement with no effect\n   --> tests/test.rs:417:17\n    |\n417 |                 i_1;\n    |                 ^^^^\n\nwarning: path statement with no effect\n   --> tests/test.rs:430:9\n    |\n430 |         test;\n    |         ^^^^^\n\nerror: symbol `compute_closed_syncmers` is already defined\n   --> tests/test.rs:94:1\n    |\n94  | / pub unsafe extern \"C\" fn compute_closed_syncmers(\n95  | |     mut sequence_input: *const libc::c_char,\n96  | |     mut len: libc::c_int,\n97  | |     mut K: libc::c_int,\n...   |\n100 | |     mut num_results: *mut libc::c_int,\n101 | | ) {\n    | |_^\n\nwarning: `c2rust_out` (lib) generated 31 warnings\nerror: could not compile `c2rust_out` due to previous error; 31 warnings emitted\n",
            "tests": []
        },
        {
            "program": "dict",
            "status": "failed",
            "stage_failed": "test",
            "error": "",
            "tests": [
                {
                    "name": "tests/test2.c",
                    "status": "passed"
                },
                {
                    "name": "tests/test3.c",
                    "status": "passed"
                },
                {
                    "name": "tests/test1.c",
                    "status": "passed"
                },
                {
                    "name": "tests/test5.c",
                    "status": "failed",
                    "error": "Segmentation fault (core dumped)\n"
                }
            ]
        },
        {
            "program": "emlang",
            "status": "failed",
            "stage_failed": "build",
            "error": "error: could not find `Cargo.toml` in `/mnt/c/Users/wuihee/Desktop/hayroll-tests/CBench/emlang` or any parent directory\n",
            "tests": []
        },
        {
            "program": "expr",
            "status": "passed",
            "stage_failed": "",
            "error": "",
            "tests": [
                {
                    "name": "test.c",
                    "status": "passed"
                }
            ]
        },
        {
            "program": "FastHamming",
            "status": "failed",
            "stage_failed": "make",
            "error": "test/coding.c:19:10: fatal error: fast_hamming.h: No such file or directory\n   19 | #include \"fast_hamming.h\"\n      |          ^~~~~~~~~~~~~~~~\ncompilation terminated.\nmake: *** [Makefile:33: test_coding] Error 1\n",
            "tests": []
        },
        {
            "program": "fft",
            "status": "failed",
            "stage_failed": "build",
            "error": "   Compiling c2rust_out v0.0.0 (/mnt/c/Users/wuihee/Desktop/hayroll-tests/CBench/fft)\nerror[E0425]: cannot find function `next_reversed_n` in this scope\n  --> src/fft.rs:28:22\n   |\n28 |         reversed_n = next_reversed_n(reversed_n, shift);\n   |                      ^^^^^^^^^^^^^^^ help: a local variable with a similar name exists: `reversed_n`\n\nerror[E0425]: cannot find function `next_reversed_n` in this scope\n  --> src/fft.rs:47:22\n   |\n47 |         reversed_n = next_reversed_n(reversed_n, shift);\n   |                      ^^^^^^^^^^^^^^^ help: a local variable with a similar name exists: `reversed_n`\n\nFor more information about this error, try `rustc --explain E0425`.\nerror: could not compile `c2rust_out` due to 2 previous errors\n",
            "tests": []
        },
        {
            "program": "file2str",
            "status": "failed",
            "stage_failed": "link",
            "error": "",
            "tests": [
                {
                    "name": "tests/CuTest.c",
                    "status": "failed",
                    "error": "/usr/bin/ld: /usr/lib/gcc/x86_64-linux-gnu/11/../../../x86_64-linux-gnu/Scrt1.o: in function `_start':\n(.text+0x1b): undefined reference to `main'\ncollect2: error: ld returned 1 exit status\n"
                }
            ]
        },
        {
            "program": "fleur",
            "status": "failed",
            "stage_failed": "make",
            "error": "make: *** No targets specified and no makefile found.  Stop.\n",
            "tests": []
        },
        {
            "program": "fslib",
            "status": "failed",
            "stage_failed": "make",
            "error": "make: *** No rule to make target 'obj/test.o', needed by 'fscompile'.  Stop.\n",
            "tests": []
        },
        {
            "program": "fs_c",
            "status": "passed",
            "stage_failed": "",
            "error": "",
            "tests": [
                {
                    "name": "test.c",
                    "status": "passed"
                }
            ]
        },
        {
            "program": "Genetic-neural-network-for-simple-control",
            "status": "failed",
            "stage_failed": "make",
            "error": "/usr/bin/ld: test/tests/general/test_pid_controller.o: in function `testPIDCreate':\n/mnt/c/Users/wuihee/Desktop/hayroll-tests/CBench/Genetic-neural-network-for-simple-control/test/tests/general/test_pid_controller.c:40: undefined reference to `plotGraph'\n/usr/bin/ld: test/tests/neural/test_model_system.o: in function `testSystemCreate':\n/mnt/c/Users/wuihee/Desktop/hayroll-tests/CBench/Genetic-neural-network-for-simple-control/test/tests/neural/test_model_system.c:80: undefined reference to `plotGraphNN'\n/usr/bin/ld: test/tests/runs/test_full_run.o: in function `testPIDRun':\n/mnt/c/Users/wuihee/Desktop/hayroll-tests/CBench/Genetic-neural-network-for-simple-control/test/tests/runs/test_full_run.c:196: undefined reference to `plotGraph'\n/usr/bin/ld: test/tests/runs/test_full_run.o: in function `testNNRun':\n/mnt/c/Users/wuihee/Desktop/hayroll-tests/CBench/Genetic-neural-network-for-simple-control/test/tests/runs/test_full_run.c:378: undefined reference to `plotGraphNN'\n/usr/bin/ld: /mnt/c/Users/wuihee/Desktop/hayroll-tests/CBench/Genetic-neural-network-for-simple-control/test/tests/runs/test_full_run.c:405: undefined reference to `plotGraphNN'\ncollect2: error: ld returned 1 exit status\nmake: *** [Makefile:34: myprogram] Error 1\n",
            "tests": []
        },
        {
            "program": "geofence",
            "status": "passed",
            "stage_failed": "",
            "error": "",
            "tests": [
                {
                    "name": "tests/test.c",
                    "status": "passed"
                }
            ]
        },
        {
            "program": "gfc",
            "status": "failed",
            "stage_failed": "make",
            "error": "make: *** No targets specified and no makefile found.  Stop.\n",
            "tests": []
        },
        {
            "program": "gorilla-paper-encode",
            "status": "passed",
            "stage_failed": "",
            "error": "",
            "tests": [
                {
                    "name": "test.c",
                    "status": "passed"
                },
                {
                    "name": "custom_tests/test.c",
                    "status": "passed"
                }
            ]
        },
        {
            "program": "Graph-recogniser",
            "status": "failed",
            "stage_failed": "link",
            "error": "",
            "tests": [
                {
                    "name": "tests/test-cuckoohash.c",
                    "status": "failed",
                    "error": "/usr/bin/ld: /usr/lib/gcc/x86_64-linux-gnu/11/../../../x86_64-linux-gnu/Scrt1.o: in function `_start':\n(.text+0x1b): undefined reference to `main'\ncollect2: error: ld returned 1 exit status\n"
                }
            ]
        },
        {
            "program": "hamta",
            "status": "failed",
            "stage_failed": "link",
            "error": "",
            "tests": [
                {
                    "name": "test/test.c",
                    "status": "failed",
                    "error": "test/test.c:6:10: fatal error: hamta.h: No such file or directory\n    6 | #include \"hamta.h\"\n      |          ^~~~~~~~~\ncompilation terminated.\n"
                }
            ]
        },
        {
            "program": "Holdem-Odds",
            "status": "failed",
            "stage_failed": "link",
            "error": "",
            "tests": [
                {
                    "name": "src/tests/all_tests.c",
                    "status": "failed",
                    "error": "/usr/bin/ld: /tmp/ccFGJYZn.o: in function `RunAllTests':\nall_tests.c:(.text+0xd): undefined reference to `CuStringNew'\n/usr/bin/ld: all_tests.c:(.text+0x16): undefined reference to `CuSuiteNew'\n/usr/bin/ld: all_tests.c:(.text+0x24): undefined reference to `CardUtilSuite'\n/usr/bin/ld: all_tests.c:(.text+0x36): undefined reference to `CuSuiteAddSuite'\n/usr/bin/ld: all_tests.c:(.text+0x40): undefined reference to `HandUtilSuite'\n/usr/bin/ld: all_tests.c:(.text+0x52): undefined reference to `CuSuiteAddSuite'\n/usr/bin/ld: all_tests.c:(.text+0x5c): undefined reference to `BucketSuite'\n/usr/bin/ld: all_tests.c:(.text+0x6e): undefined reference to `CuSuiteAddSuite'\n/usr/bin/ld: all_tests.c:(.text+0x78): undefined reference to `DeckSuite'\n/usr/bin/ld: all_tests.c:(.text+0x8a): undefined reference to `CuSuiteAddSuite'\n/usr/bin/ld: all_tests.c:(.text+0x96): undefined reference to `CuSuiteRun'\n/usr/bin/ld: all_tests.c:(.text+0xa9): undefined reference to `CuSuiteSummary'\n/usr/bin/ld: all_tests.c:(.text+0xbc): undefined reference to `CuSuiteDetails'\ncollect2: error: ld returned 1 exit status\n"
                }
            ]
        },
        {
            "program": "hydra",
            "status": "passed",
            "stage_failed": "",
            "error": "",
            "tests": [
                {
                    "name": "tests/test.c",
                    "status": "passed"
                }
            ]
        },
        {
            "program": "impcheck",
            "status": "failed",
            "stage_failed": "make",
            "error": "test_full_1: test/test.c:9: do_assert: Assertion `cond' failed.\nmake: *** [makefile:42: all] Error 1\n",
            "tests": []
        },
        {
            "program": "inversion_list",
            "status": "failed",
            "stage_failed": "build",
            "error": "   Compiling c2rust_out v0.0.0 (/mnt/c/Users/wuihee/Desktop/hayroll-tests/CBench/inversion_list)\nerror[E0583]: file not found for module `inversion_list`\n  --> c2rust-lib.rs:15:1\n   |\n15 | pub mod inversion_list;\n   | ^^^^^^^^^^^^^^^^^^^^^^^\n   |\n   = help: to create the module `inversion_list`, create file \"src/inversion_list/inversion_list.rs\" or \"src/inversion_list/inversion_list/mod.rs\"\n\nFor more information about this error, try `rustc --explain E0583`.\nerror: could not compile `c2rust_out` due to previous error\n",
            "tests": []
        },
        {
            "program": "jccc",
            "status": "failed",
            "stage_failed": "link",
            "error": "",
            "tests": [
                {
                    "name": "src/util/test_list.c",
                    "status": "failed",
                    "error": "src/util/test_list.c: In function \u2018basic_100_test\u2019:\nsrc/util/test_list.c:13:25: warning: cast to pointer from integer of different size [-Wint-to-pointer-cast]\n   13 |         ladd_element(l, (void*) i);\n      |                         ^\nIn file included from src/util/test_list.c:2:\nsrc/util/test_list.c:18:17: warning: cast from pointer to integer of different size [-Wpointer-to-int-cast]\n   18 |         tassert((int) lget_element(l, i) == i);\n      |                 ^\nsrc/testing/tassert.h:6:29: note: in definition of macro \u2018tassert\u2019\n    6 | #define tassert(e) ((void)((e) ? 0 : __assert(#e, __FILE__, __LINE__)))\n      |                             ^\n/usr/bin/ld: /usr/lib/gcc/x86_64-linux-gnu/11/../../../x86_64-linux-gnu/Scrt1.o: in function `_start':\n(.text+0x1b): undefined reference to `main'\ncollect2: error: ld returned 1 exit status\n"
                }
            ]
        },
        {
            "program": "kairoCompiler",
            "status": "failed",
            "stage_failed": "link",
            "error": "",
            "tests": [
                {
                    "name": "tests/test.c",
                    "status": "failed",
                    "error": "tests/test.c:1:1: error: expected identifier or \u2018(\u2019 before numeric constant\n    1 | 877\n      | ^~~\n"
                }
            ]
        },
        {
            "program": "kd3",
            "status": "passed",
            "stage_failed": "",
            "error": "",
            "tests": [
                {
                    "name": "run_test.c",
                    "status": "passed"
                }
            ]
        },
        {
            "program": "lambda-calculus-eval",
            "status": "failed",
            "stage_failed": "make",
            "error": "/usr/bin/ld: /usr/lib/gcc/x86_64-linux-gnu/11/../../../x86_64-linux-gnu/Scrt1.o: in function `_start':\n(.text+0x1b): undefined reference to `main'\ncollect2: error: ld returned 1 exit status\nmake: *** [Makefile:17: lc] Error 1\n",
            "tests": []
        },
        {
            "program": "leftpad",
            "status": "passed",
            "stage_failed": "",
            "error": "",
            "tests": [
                {
                    "name": "tests.c",
                    "status": "passed"
                }
            ]
        },
        {
            "program": "lib2bit",
            "status": "failed",
            "stage_failed": "build",
            "error": "   Compiling c2rust_out v0.0.0 (/mnt/c/Users/wuihee/Desktop/hayroll-tests/CBench/lib2bit)\nerror: expected identifier, found `2bit`\n  --> c2rust-lib.rs:12:9\n   |\n12 | pub mod 2bit;\n   |         ^^^^ expected identifier\n\nerror: could not compile `c2rust_out` due to previous error\n",
            "tests": []
        },
        {
            "program": "libbase122",
            "status": "failed",
            "stage_failed": "make",
            "error": "make: *** No targets specified and no makefile found.  Stop.\n",
            "tests": []
        },
        {
            "program": "libbeaufort",
            "status": "failed",
            "stage_failed": "link",
            "error": "",
            "tests": [
                {
                    "name": "test.c",
                    "status": "failed",
                    "error": "test.c:12:10: fatal error: ok/ok.h: No such file or directory\n   12 | #include <ok/ok.h>\n      |          ^~~~~~~~~\ncompilation terminated.\n"
                }
            ]
        },
        {
            "program": "libfor",
            "status": "passed",
            "stage_failed": "",
            "error": "",
            "tests": [
                {
                    "name": "test.c",
                    "status": "passed"
                }
            ]
        },
        {
            "program": "libm17",
            "status": "failed",
            "stage_failed": "link",
            "error": "",
            "tests": [
                {
                    "name": "unit_tests/unit_tests.c",
                    "status": "failed",
                    "error": "unit_tests/unit_tests.c:7:10: fatal error: unit_tests/unity/src/unity.h: No such file or directory\n    7 | #include \"unit_tests/unity/src/unity.h\"\n      |          ^~~~~~~~~~~~~~~~~~~~~~~~~~~~~~\ncompilation terminated.\n"
                }
            ]
        },
        {
            "program": "libpgn",
            "status": "failed",
            "stage_failed": "link",
            "error": "",
            "tests": [
                {
                    "name": "tests/coordinate.c",
                    "status": "failed",
                    "error": "tests/coordinate.c:1:10: fatal error: extra/suite6.h: No such file or directory\n    1 | #include \"extra/suite6.h\"\n      |          ^~~~~~~~~~~~~~~~\ncompilation terminated.\n"
                }
            ]
        },
        {
            "program": "libpsbt",
            "status": "passed",
            "stage_failed": "",
            "error": "",
            "tests": [
                {
                    "name": "test.c",
                    "status": "passed"
                }
            ]
        },
        {
            "program": "libqueue",
            "status": "failed",
            "stage_failed": "link",
            "error": "",
            "tests": [
                {
                    "name": "test/example.c",
                    "status": "failed",
                    "error": "test/example.c:2:10: fatal error: libqueue/queue.h: No such file or directory\n    2 | #include <libqueue/queue.h>\n      |          ^~~~~~~~~~~~~~~~~~\ncompilation terminated.\n"
                }
            ]
        },
        {
            "program": "libtinyfseq",
            "status": "failed",
            "stage_failed": "make",
            "error": "make: *** No targets specified and no makefile found.  Stop.\n",
            "tests": []
        },
        {
            "program": "libutf",
            "status": "failed",
            "stage_failed": "make",
            "error": "make: *** No targets specified and no makefile found.  Stop.\n",
            "tests": []
        },
        {
            "program": "libvcd",
            "status": "failed",
            "stage_failed": "test",
            "error": "",
            "tests": [
                {
                    "name": "test/test.c",
                    "status": "failed",
                    "error": "Usage: test <vcd-file> [signal-name timestamp] ...\n"
                }
            ]
        },
        {
            "program": "libwecan",
            "status": "failed",
            "stage_failed": "link",
            "error": "",
            "tests": [
                {
                    "name": "tests/src/tests.c",
                    "status": "failed",
                    "error": "tests/src/tests.c:1:10: fatal error: libwecan.h: No such file or directory\n    1 | #include \"libwecan.h\"\n      |          ^~~~~~~~~~~~\ncompilation terminated.\n"
                }
            ]
        },
        {
            "program": "Linear-Algebra-C",
            "status": "passed",
            "stage_failed": "",
            "error": "",
            "tests": [
                {
                    "name": "test.c",
                    "status": "passed"
                }
            ]
        },
        {
            "program": "ljmm",
            "status": "failed",
            "stage_failed": "link",
            "error": "",
            "tests": [
                {
                    "name": "test/test_002.c",
                    "status": "failed",
                    "error": "test/test_002.c: In function \u2018main\u2019:\ntest/test_002.c:32:5: warning: implicit declaration of function \u2018ljmm_let_OS_take_care_1G_2G\u2019 [-Wimplicit-function-declaration]\n   32 |     ljmm_let_OS_take_care_1G_2G(0);\n      |     ^~~~~~~~~~~~~~~~~~~~~~~~~~~\ntest/test_002.c:42:9: warning: implicit declaration of function \u2018waitpid\u2019 [-Wimplicit-function-declaration]\n   42 |         waitpid(pid, &child_status, 0);\n      |         ^~~~~~~\n/usr/bin/ld: target/release/libc2rust_out.a(c2rust_out-b1b23aaee402432b.c2rust_out.b1eaccca-cgu.0.rcgu.o): in function `__wrap_mmap64':\nc2rust_out.b1eaccca-cgu.0:(.text.__wrap_mmap64+0x2): undefined reference to `__real_mmap64'\ncollect2: error: ld returned 1 exit status\n"
                }
            ]
        },
        {
            "program": "LTRE",
            "status": "failed",
            "stage_failed": "build",
            "error": "   Compiling c2rust_out v0.0.0 (/mnt/c/Users/wuihee/Desktop/hayroll-tests/CBench/LTRE)\nwarning: unnecessary parentheses around assigned value\n   --> ltre.rs:771:37\n    |\n771 | ...                   __res = (if __c < -(128 as libc::c_int)\n    |                               ^\n...\n777 | ...                   });\n    |                        ^\n    |\n    = note: `#[warn(unused_parens)]` on by default\nhelp: remove these parentheses\n    |\n771 ~                             __res = if __c < -(128 as libc::c_int)\n772 |                                 || __c > 255 as libc::c_int\n  ...\n776 |                                 *(*__ctype_tolower_loc()).offset(__c as isize)\n777 ~                             };\n    |\n\nwarning: unnecessary parentheses around function argument\n   --> ltrep.rs:210:25\n    |\n210 |                         (if *opt as libc::c_int == '-' as i32 {\n    |                         ^\n...\n214 |                         }),\n    |                          ^\n    |\nhelp: remove these parentheses\n    |\n210 ~                         if *opt as libc::c_int == '-' as i32 {\n211 |                             -(1 as libc::c_int)\n212 |                         } else {\n213 |                             1 as libc::c_int\n214 ~                         },\n    |\n\nerror[E0054]: cannot cast as `bool`\n   --> ltre.rs:400:21\n    |\n400 |               empty = (empty as libc::c_int\n    |  _____________________^\n401 | |                 & ((*nstate).label[i as usize] == 0) as libc::c_int) as bool;\n    | |____________________________________________________________________________^\n    |\nhelp: compare with zero instead\n    |\n400 ~             empty = (empty as libc::c_int\n401 ~                 & ((*nstate).label[i as usize] == 0) as libc::c_int) != 0;\n    |\n\nerror[E0054]: cannot cast as `bool`\n    --> ltre.rs:1439:29\n     |\n1439 |               .complemented = (re.complemented as libc::c_int ^ intersect as libc::c_int)\n     |  _____________________________^\n1440 | |             as bool;\n     | |___________________^ help: compare with zero instead: `(re.complemented as libc::c_int ^ intersect as libc::c_int) != 0`\n\nerror[E0054]: cannot cast as `bool`\n    --> ltre.rs:1442:29\n     |\n1442 |               .complemented = (alt.complemented as libc::c_int ^ intersect as libc::c_int)\n     |  _____________________________^\n1443 | |             as bool;\n     | |___________________^ help: compare with zero instead: `(alt.complemented as libc::c_int ^ intersect as libc::c_int) != 0`\n\nerror[E0054]: cannot cast as `bool`\n    --> ltre.rs:1453:29\n     |\n1453 |               .complemented = (re.complemented as libc::c_int ^ intersect as libc::c_int)\n     |  _____________________________^\n1454 | |             as bool;\n     | |___________________^ help: compare with zero instead: `(re.complemented as libc::c_int ^ intersect as libc::c_int) != 0`\n\nerror[E0054]: cannot cast as `bool`\n    --> ltre.rs:1677:26\n     |\n1677 |               .accepting = ((**dstatep).accepting as libc::c_int\n     |  __________________________^\n1678 | |             ^ nfa.complemented as libc::c_int) as bool;\n     | |______________________________________________________^\n     |\nhelp: compare with zero instead\n     |\n1677 ~             .accepting = ((**dstatep).accepting as libc::c_int\n1678 ~             ^ nfa.complemented as libc::c_int) != 0;\n     |\n\nerror[E0054]: cannot cast as `bool`\n   --> ltrep.rs:220:25\n    |\n220 |               smartcase = (smartcase as libc::c_int\n    |  _________________________^\n221 | |                 & (*opt as libc::c_int != 'i' as i32\n222 | |                     && *opt as libc::c_int != 's' as i32) as libc::c_int) as bool;\n    | |_________________________________________________________________________________^\n    |\nhelp: compare with zero instead\n    |\n220 ~             smartcase = (smartcase as libc::c_int\n221 +                 & (*opt as libc::c_int != 'i' as i32\n222 ~                     && *opt as libc::c_int != 's' as i32) as libc::c_int) != 0;\n    |\n\nerror[E0054]: cannot cast as `bool`\n   --> ltrep.rs:254:27\n    |\n254 |                   .ignore = (args.opts.ignore as libc::c_int\n    |  ___________________________^\n255 | |                 & (*(*__ctype_b_loc()).offset(*c as libc::c_int as isize) as libc::c_int\n256 | |                     & _ISupper as libc::c_int as libc::c_ushort as libc::c_int == 0)\n257 | |                     as libc::c_int) as bool;\n    | |___________________________________________^\n    |\nhelp: compare with zero instead\n    |\n254 ~                 .ignore = (args.opts.ignore as libc::c_int\n255 +                 & (*(*__ctype_b_loc()).offset(*c as libc::c_int as isize) as libc::c_int\n256 +                     & _ISupper as libc::c_int as libc::c_ushort as libc::c_int == 0)\n257 ~                     as libc::c_int) != 0;\n    |\n\nFor more information about this error, try `rustc --explain E0054`.\nwarning: `c2rust_out` (lib) generated 2 warnings\nerror: could not compile `c2rust_out` due to 7 previous errors; 2 warnings emitted\n",
            "tests": []
        },
        {
            "program": "Math-Library-in-C",
            "status": "failed",
            "stage_failed": "build",
            "error": "error: could not find `Cargo.toml` in `/mnt/c/Users/wuihee/Desktop/hayroll-tests/CBench/Math-Library-in-C` or any parent directory\n",
            "tests": []
        },
        {
            "program": "matrix_multiplication",
            "status": "failed",
            "stage_failed": "make",
            "error": "make: *** No targets specified and no makefile found.  Stop.\n",
            "tests": []
        },
        {
            "program": "mdb",
            "status": "failed",
            "stage_failed": "make",
            "error": "make: *** No targets specified and no makefile found.  Stop.\n",
            "tests": []
        },
        {
            "program": "Megalania",
            "status": "failed",
            "stage_failed": "build",
            "error": "error: could not find `Cargo.toml` in `/mnt/c/Users/wuihee/Desktop/hayroll-tests/CBench/Megalania` or any parent directory\n",
            "tests": []
        },
        {
            "program": "merkle-tree-c",
            "status": "failed",
            "stage_failed": "build",
            "error": "   Compiling c2rust_out v0.0.0 (/mnt/c/Users/wuihee/Desktop/hayroll-tests/CBench/merkle-tree-c)\nwarning: unused label\n    --> test_merkle_tree.rs:5828:5\n     |\n5828 |     'c_25171: {\n     |     ^^^^^^^^\n     |\n     = note: `#[warn(unused_labels)]` on by default\n\nwarning: unused label\n    --> test_merkle_tree.rs:5855:5\n     |\n5855 |     'c_25115: {\n     |     ^^^^^^^^\n\nwarning: unused label\n    --> test_merkle_tree.rs:5926:5\n     |\n5926 |     'c_25771: {\n     |     ^^^^^^^^\n\nwarning: unused label\n    --> test_merkle_tree.rs:5963:5\n     |\n5963 |     'c_25688: {\n     |     ^^^^^^^^\n\nwarning: unused label\n    --> test_merkle_tree.rs:5994:5\n     |\n5994 |     'c_25636: {\n     |     ^^^^^^^^\n\nwarning: unused label\n    --> test_merkle_tree.rs:6024:5\n     |\n6024 |     'c_25586: {\n     |     ^^^^^^^^\n\nwarning: unused label\n    --> test_merkle_tree.rs:6054:5\n     |\n6054 |     'c_25536: {\n     |     ^^^^^^^^\n\nwarning: unused label\n    --> test_merkle_tree.rs:6084:5\n     |\n6084 |     'c_25486: {\n     |     ^^^^^^^^\n\nwarning: unused label\n    --> test_merkle_tree.rs:6114:5\n     |\n6114 |     'c_25436: {\n     |     ^^^^^^^^\n\nwarning: unused label\n    --> test_merkle_tree.rs:6144:5\n     |\n6144 |     'c_25386: {\n     |     ^^^^^^^^\n\nwarning: unused label\n    --> test_merkle_tree.rs:6174:5\n     |\n6174 |     'c_25335: {\n     |     ^^^^^^^^\n\nwarning: unused label\n    --> test_merkle_tree.rs:6205:5\n     |\n6205 |     'c_25282: {\n     |     ^^^^^^^^\n\nwarning: unused label\n    --> test_merkle_tree.rs:6276:5\n     |\n6276 |     'c_25967: {\n     |     ^^^^^^^^\n\nwarning: unused label\n    --> test_merkle_tree.rs:6303:5\n     |\n6303 |     'c_25911: {\n     |     ^^^^^^^^\n\nwarning: unused label\n    --> test_merkle_tree.rs:6374:5\n     |\n6374 |     'c_26138: {\n     |     ^^^^^^^^\n\nwarning: unused label\n    --> test_merkle_tree.rs:6401:5\n     |\n6401 |     'c_26084: {\n     |     ^^^^^^^^\n\nwarning: unused label\n    --> test_merkle_tree.rs:6471:5\n     |\n6471 |     'c_26874: {\n     |     ^^^^^^^^\n\nwarning: unused label\n    --> test_merkle_tree.rs:6549:5\n     |\n6549 |     'c_26776: {\n     |     ^^^^^^^^\n\nwarning: unused label\n    --> test_merkle_tree.rs:6581:5\n     |\n6581 |     'c_26721: {\n     |     ^^^^^^^^\n\nwarning: unused label\n    --> test_merkle_tree.rs:6609:5\n     |\n6609 |     'c_26673: {\n     |     ^^^^^^^^\n\nwarning: unused label\n    --> test_merkle_tree.rs:6639:5\n     |\n6639 |     'c_26624: {\n     |     ^^^^^^^^\n\nwarning: unused label\n    --> test_merkle_tree.rs:6667:5\n     |\n6667 |     'c_26584: {\n     |     ^^^^^^^^\n\nwarning: unused label\n    --> test_merkle_tree.rs:6696:5\n     |\n6696 |     'c_26533: {\n     |     ^^^^^^^^\n\nwarning: unused label\n    --> test_merkle_tree.rs:6727:5\n     |\n6727 |     'c_26482: {\n     |     ^^^^^^^^\n\nwarning: unused label\n    --> test_merkle_tree.rs:6818:5\n     |\n6818 |     'c_26311: {\n     |     ^^^^^^^^\n\nwarning: unused variable: `merge_ctx`\n    --> test_merkle_tree.rs:5740:9\n     |\n5740 |     mut merge_ctx: *mut libc::c_void,\n     |         ^^^^^^^^^ help: if this is intentional, prefix it with an underscore: `_merge_ctx`\n     |\n     = note: `#[warn(unused_variables)]` on by default\n\nwarning: unused variable: `tree`\n    --> test_merkle_tree.rs:6237:13\n     |\n6237 |     let mut tree: cbmt_tree = cbmt_tree {\n     |             ^^^^ help: if this is intentional, prefix it with an underscore: `_tree`\n\nwarning: unused variable: `tree`\n    --> test_merkle_tree.rs:6332:13\n     |\n6332 |     let mut tree: cbmt_tree = cbmt_tree {\n     |             ^^^^ help: if this is intentional, prefix it with an underscore: `_tree`\n\nerror: reference to packed field is unaligned\n    --> test_merkle_tree.rs:1326:9\n     |\n1326 |         &mut (*P.as_mut_ptr()).leaf_length as *mut uint32_t as *mut libc::c_void,\n     |         ^^^^^^^^^^^^^^^^^^^^^^^^^^^^^^^^^^\n     |\n     = note: `#[deny(unaligned_references)]` on by default\n     = warning: this was previously accepted by the compiler but is being phased out; it will become a hard error in a future release!\n     = note: for more information, see issue #82523 <https://github.com/rust-lang/rust/issues/82523>\n     = note: fields of packed structs are not properly aligned, and creating a misaligned reference is undefined behavior (even if that reference is never dereferenced)\n     = help: copy the field contents to a local variable, or replace the reference with a raw pointer and use `read_unaligned`/`write_unaligned` (loads and stores via `*p` must be properly aligned even when using raw pointers)\n\nerror: reference to packed field is unaligned\n    --> test_merkle_tree.rs:1330:9\n     |\n1330 |         &mut (*P.as_mut_ptr()).node_offset as *mut uint32_t as *mut libc::c_void,\n     |         ^^^^^^^^^^^^^^^^^^^^^^^^^^^^^^^^^^\n     |\n     = warning: this was previously accepted by the compiler but is being phased out; it will become a hard error in a future release!\n     = note: for more information, see issue #82523 <https://github.com/rust-lang/rust/issues/82523>\n     = note: fields of packed structs are not properly aligned, and creating a misaligned reference is undefined behavior (even if that reference is never dereferenced)\n     = help: copy the field contents to a local variable, or replace the reference with a raw pointer and use `read_unaligned`/`write_unaligned` (loads and stores via `*p` must be properly aligned even when using raw pointers)\n\nerror: reference to packed field is unaligned\n    --> test_merkle_tree.rs:1334:9\n     |\n1334 |         &mut (*P.as_mut_ptr()).xof_length as *mut uint32_t as *mut libc::c_void,\n     |         ^^^^^^^^^^^^^^^^^^^^^^^^^^^^^^^^^\n     |\n     = warning: this was previously accepted by the compiler but is being phased out; it will become a hard error in a future release!\n     = note: for more information, see issue #82523 <https://github.com/rust-lang/rust/issues/82523>\n     = note: fields of packed structs are not properly aligned, and creating a misaligned reference is undefined behavior (even if that reference is never dereferenced)\n     = help: copy the field contents to a local variable, or replace the reference with a raw pointer and use `read_unaligned`/`write_unaligned` (loads and stores via `*p` must be properly aligned even when using raw pointers)\n\nerror: reference to packed field is unaligned\n    --> test_merkle_tree.rs:1397:9\n     |\n1397 |         &mut (*P.as_mut_ptr()).leaf_length as *mut uint32_t as *mut libc::c_void,\n     |         ^^^^^^^^^^^^^^^^^^^^^^^^^^^^^^^^^^\n     |\n     = warning: this was previously accepted by the compiler but is being phased out; it will become a hard error in a future release!\n     = note: for more information, see issue #82523 <https://github.com/rust-lang/rust/issues/82523>\n     = note: fields of packed structs are not properly aligned, and creating a misaligned reference is undefined behavior (even if that reference is never dereferenced)\n     = help: copy the field contents to a local variable, or replace the reference with a raw pointer and use `read_unaligned`/`write_unaligned` (loads and stores via `*p` must be properly aligned even when using raw pointers)\n\nerror: reference to packed field is unaligned\n    --> test_merkle_tree.rs:1401:9\n     |\n1401 |         &mut (*P.as_mut_ptr()).node_offset as *mut uint32_t as *mut libc::c_void,\n     |         ^^^^^^^^^^^^^^^^^^^^^^^^^^^^^^^^^^\n     |\n     = warning: this was previously accepted by the compiler but is being phased out; it will become a hard error in a future release!\n     = note: for more information, see issue #82523 <https://github.com/rust-lang/rust/issues/82523>\n     = note: fields of packed structs are not properly aligned, and creating a misaligned reference is undefined behavior (even if that reference is never dereferenced)\n     = help: copy the field contents to a local variable, or replace the reference with a raw pointer and use `read_unaligned`/`write_unaligned` (loads and stores via `*p` must be properly aligned even when using raw pointers)\n\nerror: reference to packed field is unaligned\n    --> test_merkle_tree.rs:1405:9\n     |\n1405 |         &mut (*P.as_mut_ptr()).xof_length as *mut uint32_t as *mut libc::c_void,\n     |         ^^^^^^^^^^^^^^^^^^^^^^^^^^^^^^^^^\n     |\n     = warning: this was previously accepted by the compiler but is being phased out; it will become a hard error in a future release!\n     = note: for more information, see issue #82523 <https://github.com/rust-lang/rust/issues/82523>\n     = note: fields of packed structs are not properly aligned, and creating a misaligned reference is undefined behavior (even if that reference is never dereferenced)\n     = help: copy the field contents to a local variable, or replace the reference with a raw pointer and use `read_unaligned`/`write_unaligned` (loads and stores via `*p` must be properly aligned even when using raw pointers)\n\nwarning: path statement with no effect\n   --> test_merkle_tree.rs:171:13\n    |\n171 |             j;\n    |             ^^\n    |\n    = note: `#[warn(path_statements)]` on by default\n\nwarning: path statement with no effect\n   --> test_merkle_tree.rs:174:9\n    |\n174 |         i;\n    |         ^^\n\nwarning: path statement with no effect\n   --> test_merkle_tree.rs:393:9\n    |\n393 |         i;\n    |         ^^\n\nwarning: path statement with no effect\n   --> test_merkle_tree.rs:492:9\n    |\n492 |         i_0;\n    |         ^^^^\n\nwarning: path statement with no effect\n   --> test_merkle_tree.rs:509:13\n    |\n509 |             j;\n    |             ^^\n\nwarning: path statement with no effect\n   --> test_merkle_tree.rs:512:9\n    |\n512 |         i_1;\n    |         ^^^^\n\nwarning: path statement with no effect\n   --> test_merkle_tree.rs:571:9\n    |\n571 |         i;\n    |         ^^\n\nwarning: path statement with no effect\n   --> test_merkle_tree.rs:622:9\n    |\n622 |         i_0;\n    |         ^^^^\n\nwarning: path statement with no effect\n   --> test_merkle_tree.rs:888:13\n    |\n888 |             i;\n    |             ^^\n\nwarning: path statement with no effect\n   --> test_merkle_tree.rs:910:13\n    |\n910 |             i_0;\n    |             ^^^^\n\nwarning: path statement with no effect\n    --> test_merkle_tree.rs:1269:9\n     |\n1269 |         i;\n     |         ^^\n\nwarning: path statement with no effect\n    --> test_merkle_tree.rs:1291:9\n     |\n1291 |         i;\n     |         ^^\n\nwarning: path statement with no effect\n    --> test_merkle_tree.rs:1359:9\n     |\n1359 |         i;\n     |         ^^\n\nwarning: path statement with no effect\n    --> test_merkle_tree.rs:1464:9\n     |\n1464 |         i;\n     |         ^^\n\nwarning: path statement with no effect\n    --> test_merkle_tree.rs:1470:9\n     |\n1470 |         i;\n     |         ^^\n\nwarning: path statement with no effect\n    --> test_merkle_tree.rs:5527:9\n     |\n5527 |         i;\n     |         ^^\n\nwarning: path statement with no effect\n    --> test_merkle_tree.rs:5674:9\n     |\n5674 |         i;\n     |         ^^\n\nwarning: path statement with no effect\n    --> test_merkle_tree.rs:5948:9\n     |\n5948 |         i;\n     |         ^^\n\nwarning: path statement with no effect\n    --> test_merkle_tree.rs:6765:9\n     |\n6765 |         i;\n     |         ^^\n\nwarning: `c2rust_out` (lib) generated 47 warnings\nerror: could not compile `c2rust_out` due to 12 previous errors; 47 warnings emitted\n",
            "tests": []
        },
        {
            "program": "morton",
            "status": "failed",
            "stage_failed": "build",
            "error": "error: could not find `Cargo.toml` in `/mnt/c/Users/wuihee/Desktop/hayroll-tests/CBench/morton` or any parent directory\n",
            "tests": []
        },
        {
            "program": "murmurhash_c",
            "status": "passed",
            "stage_failed": "",
            "error": "",
            "tests": [
                {
                    "name": "test.c",
                    "status": "passed"
                }
            ]
        },
        {
            "program": "mvptree",
            "status": "failed",
            "stage_failed": "build",
            "error": "   Compiling c2rust_out v0.0.0 (/mnt/c/Users/wuihee/Desktop/hayroll-tests/CBench/mvptree)\nwarning: unused label\n   --> testmvp.rs:484:5\n    |\n484 |     'c_5625: {\n    |     ^^^^^^^\n    |\n    = note: `#[warn(unused_labels)]` on by default\n\nwarning: unused label\n   --> testmvp.rs:516:5\n    |\n516 |     'c_5592: {\n    |     ^^^^^^^\n\nwarning: unused label\n   --> testmvp.rs:552:5\n    |\n552 |     'c_5560: {\n    |     ^^^^^^^\n\nwarning: unused label\n   --> testmvp.rs:583:5\n    |\n583 |     'c_5512: {\n    |     ^^^^^^^\n\nwarning: unused label\n   --> testmvp.rs:614:5\n    |\n614 |     'c_5453: {\n    |     ^^^^^^^\n\nwarning: unused label\n   --> testmvp.rs:647:5\n    |\n647 |     'c_5382: {\n    |     ^^^^^^^\n\nwarning: unused label\n   --> testmvp.rs:684:5\n    |\n684 |     'c_5309: {\n    |     ^^^^^^^\n\nwarning: unused label\n   --> testmvp.rs:724:9\n    |\n724 |         'c_5230: {\n    |         ^^^^^^^\n\nwarning: unused label\n   --> testmvp.rs:770:5\n    |\n770 |     'c_5165: {\n    |     ^^^^^^^\n\nwarning: unused label\n   --> testmvp.rs:796:5\n    |\n796 |     'c_5125: {\n    |     ^^^^^^^\n\nwarning: unused label\n   --> testmvp.rs:848:5\n    |\n848 |     'c_5024: {\n    |     ^^^^^^^\n\nwarning: unused label\n   --> testmvp.rs:874:5\n    |\n874 |     'c_4980: {\n    |     ^^^^^^^\n\nwarning: unused label\n   --> testmvp2.rs:494:5\n    |\n494 |     'c_5659: {\n    |     ^^^^^^^\n\nwarning: unused label\n   --> testmvp2.rs:526:5\n    |\n526 |     'c_5626: {\n    |     ^^^^^^^\n\nwarning: unused label\n   --> testmvp2.rs:559:5\n    |\n559 |     'c_5594: {\n    |     ^^^^^^^\n\nwarning: unused label\n   --> testmvp2.rs:587:5\n    |\n587 |     'c_5546: {\n    |     ^^^^^^^\n\nwarning: unused label\n   --> testmvp2.rs:618:5\n    |\n618 |     'c_5487: {\n    |     ^^^^^^^\n\nwarning: unused label\n   --> testmvp2.rs:654:5\n    |\n654 |     'c_5417: {\n    |     ^^^^^^^\n\nwarning: unused label\n   --> testmvp2.rs:694:5\n    |\n694 |     'c_5348: {\n    |     ^^^^^^^\n\nwarning: unused label\n   --> testmvp2.rs:725:9\n    |\n725 |         'c_5315: {\n    |         ^^^^^^^\n\nwarning: unused label\n   --> testmvp2.rs:756:9\n    |\n756 |         'c_5236: {\n    |         ^^^^^^^\n\nwarning: unused label\n   --> testmvp2.rs:802:5\n    |\n802 |     'c_5174: {\n    |     ^^^^^^^\n\nwarning: unused label\n   --> testmvp2.rs:828:5\n    |\n828 |     'c_5134: {\n    |     ^^^^^^^\n\nwarning: unused label\n   --> testmvp2.rs:879:5\n    |\n879 |     'c_5035: {\n    |     ^^^^^^^\n\nwarning: unused label\n   --> testmvp2.rs:905:5\n    |\n905 |     'c_4995: {\n    |     ^^^^^^^\n\nwarning: unused label\n   --> testmvp2.rs:943:5\n    |\n943 |     'c_4840: {\n    |     ^^^^^^^\n\nwarning: unused variable: `argc`\n   --> testmvp.rs:454:9\n    |\n454 |     mut argc: libc::c_int,\n    |         ^^^^ help: if this is intentional, prefix it with an underscore: `_argc`\n    |\n    = note: `#[warn(unused_variables)]` on by default\n\nwarning: unused variable: `argv`\n   --> testmvp.rs:455:9\n    |\n455 |     mut argv: *mut *mut libc::c_char,\n    |         ^^^^ help: if this is intentional, prefix it with an underscore: `_argv`\n\nwarning: path statement with no effect\n   --> mvptree.rs:635:13\n    |\n635 |             i;\n    |             ^^\n    |\n    = note: `#[warn(path_statements)]` on by default\n\nwarning: path statement with no effect\n   --> mvptree.rs:646:13\n    |\n646 |             i;\n    |             ^^\n\nwarning: path statement with no effect\n   --> mvptree.rs:700:13\n    |\n700 |             j;\n    |             ^^\n\nwarning: path statement with no effect\n   --> mvptree.rs:703:9\n    |\n703 |         i;\n    |         ^^\n\nwarning: path statement with no effect\n   --> mvptree.rs:739:9\n    |\n739 |         i;\n    |         ^^\n\nwarning: path statement with no effect\n   --> mvptree.rs:751:13\n    |\n751 |             j;\n    |             ^^\n\nwarning: path statement with no effect\n   --> mvptree.rs:759:9\n    |\n759 |         i;\n    |         ^^\n\nwarning: path statement with no effect\n   --> mvptree.rs:775:9\n    |\n775 |         i;\n    |         ^^\n\nwarning: path statement with no effect\n   --> mvptree.rs:826:9\n    |\n826 |         i;\n    |         ^^\n\nwarning: unused unary operation that must be used\n   --> mvptree.rs:846:21\n    |\n846 |                     *fresh2;\n    |                     ^^^^^^^ the unary operation produces a value\n    |\n    = note: `#[warn(unused_must_use)]` on by default\nhelp: use `let _ = ...` to ignore the resulting value\n    |\n846 |                     let _ = *fresh2;\n    |                     +++++++\n\nwarning: path statement with no effect\n   --> mvptree.rs:850:21\n    |\n850 |                     k;\n    |                     ^^\n\nwarning: unused unary operation that must be used\n   --> mvptree.rs:859:17\n    |\n859 |                 *fresh4;\n    |                 ^^^^^^^ the unary operation produces a value\n    |\nhelp: use `let _ = ...` to ignore the resulting value\n    |\n859 |                 let _ = *fresh4;\n    |                 +++++++\n\nwarning: path statement with no effect\n   --> mvptree.rs:863:9\n    |\n863 |         i;\n    |         ^^\n\nwarning: path statement with no effect\n   --> mvptree.rs:893:9\n    |\n893 |         i;\n    |         ^^\n\nwarning: path statement with no effect\n    --> mvptree.rs:1003:17\n     |\n1003 |                 i;\n     |                 ^^\n\nwarning: path statement with no effect\n    --> mvptree.rs:1085:25\n     |\n1085 |                         j;\n     |                         ^^\n\nwarning: path statement with no effect\n    --> mvptree.rs:1105:25\n     |\n1105 |                         j;\n     |                         ^^\n\nwarning: path statement with no effect\n    --> mvptree.rs:1127:25\n     |\n1127 |                         j;\n     |                         ^^\n\nwarning: path statement with no effect\n    --> mvptree.rs:1148:21\n     |\n1148 |                     j_0;\n     |                     ^^^^\n\nwarning: path statement with no effect\n    --> mvptree.rs:1155:21\n     |\n1155 |                     j_0;\n     |                     ^^^^\n\nwarning: path statement with no effect\n    --> mvptree.rs:1159:17\n     |\n1159 |                 i_0;\n     |                 ^^^^\n\nwarning: path statement with no effect\n    --> mvptree.rs:1166:17\n     |\n1166 |                 i_0;\n     |                 ^^^^\n\nwarning: path statement with no effect\n    --> mvptree.rs:1224:17\n     |\n1224 |                 pos;\n     |                 ^^^^\n\nwarning: path statement with no effect\n    --> mvptree.rs:1232:17\n     |\n1232 |                 new_nb;\n     |                 ^^^^^^^\n\nwarning: path statement with no effect\n    --> mvptree.rs:1236:17\n     |\n1236 |                 new_nb;\n     |                 ^^^^^^^\n\nwarning: path statement with no effect\n    --> mvptree.rs:1267:17\n     |\n1267 |                 i_1;\n     |                 ^^^^\n\nwarning: path statement with no effect\n    --> mvptree.rs:1276:17\n     |\n1276 |                 i_1;\n     |                 ^^^^\n\nwarning: path statement with no effect\n    --> mvptree.rs:1328:25\n     |\n1328 |                         j_1;\n     |                         ^^^^\n\nwarning: path statement with no effect\n    --> mvptree.rs:1350:25\n     |\n1350 |                         j_1;\n     |                         ^^^^\n\nwarning: path statement with no effect\n    --> mvptree.rs:1377:21\n     |\n1377 |                     j_1;\n     |                     ^^^^\n\nwarning: path statement with no effect\n    --> mvptree.rs:1384:21\n     |\n1384 |                     j_1;\n     |                     ^^^^\n\nwarning: path statement with no effect\n    --> mvptree.rs:1389:13\n     |\n1389 |             i_2;\n     |             ^^^^\n\nwarning: path statement with no effect\n    --> mvptree.rs:1396:13\n     |\n1396 |             i_2;\n     |             ^^^^\n\nwarning: path statement with no effect\n    --> mvptree.rs:1443:13\n     |\n1443 |             i;\n     |             ^^\n\nwarning: path statement with no effect\n    --> mvptree.rs:1539:33\n     |\n1539 | ...                   j;\n     |                       ^^\n\nwarning: path statement with no effect\n    --> mvptree.rs:1566:17\n     |\n1566 |                 i;\n     |                 ^^\n\nwarning: path statement with no effect\n    --> mvptree.rs:1635:21\n     |\n1635 |                     j;\n     |                     ^^\n\nwarning: path statement with no effect\n    --> mvptree.rs:1667:13\n     |\n1667 |             i;\n     |             ^^\n\nwarning: path statement with no effect\n    --> mvptree.rs:1699:17\n     |\n1699 |                 j;\n     |                 ^^\n\nwarning: path statement with no effect\n    --> mvptree.rs:2004:13\n     |\n2004 |             i;\n     |             ^^\n\nwarning: path statement with no effect\n    --> mvptree.rs:2101:13\n     |\n2101 |             i_0;\n     |             ^^^^\n\nwarning: path statement with no effect\n    --> mvptree.rs:2390:13\n     |\n2390 |             i;\n     |             ^^\n\nwarning: path statement with no effect\n    --> mvptree.rs:2466:13\n     |\n2466 |             i_0;\n     |             ^^^^\n\nwarning: path statement with no effect\n    --> mvptree.rs:2666:17\n     |\n2666 |                 i;\n     |                 ^^\n\nwarning: path statement with no effect\n    --> mvptree.rs:2692:17\n     |\n2692 |                 i_0;\n     |                 ^^^^\n\nwarning: path statement with no effect\n    --> mvptree.rs:2703:17\n     |\n2703 |                 i_0;\n     |                 ^^^^\n\nwarning: path statement with no effect\n    --> mvptree.rs:2718:17\n     |\n2718 |                 i_0;\n     |                 ^^^^\n\nwarning: path statement with no effect\n   --> testmvp.rs:226:9\n    |\n226 |         k;\n    |         ^^\n\nwarning: path statement with no effect\n   --> testmvp.rs:256:9\n    |\n256 |         i;\n    |         ^^\n\nwarning: path statement with no effect\n   --> testmvp.rs:259:5\n    |\n259 |     nbcalcs;\n    |     ^^^^^^^^\n\nwarning: path statement with no effect\n   --> testmvp.rs:289:9\n    |\n289 |         i;\n    |         ^^\n\nwarning: path statement with no effect\n   --> testmvp.rs:292:5\n    |\n292 |     nbcalcs;\n    |     ^^^^^^^^\n\nwarning: path statement with no effect\n   --> testmvp.rs:339:9\n    |\n339 |         i;\n    |         ^^\n\nwarning: path statement with no effect\n   --> testmvp.rs:377:9\n    |\n377 |         i;\n    |         ^^\n\nwarning: path statement with no effect\n   --> testmvp.rs:433:13\n    |\n433 |             j;\n    |             ^^\n\nwarning: path statement with no effect\n   --> testmvp.rs:443:9\n    |\n443 |         i;\n    |         ^^\n\nwarning: path statement with no effect\n   --> testmvp.rs:820:9\n    |\n820 |         i;\n    |         ^^\n\nwarning: path statement with no effect\n   --> testmvp.rs:897:9\n    |\n897 |         i;\n    |         ^^\n\nwarning: path statement with no effect\n   --> testmvp2.rs:239:9\n    |\n239 |         k;\n    |         ^^\n\nwarning: path statement with no effect\n   --> testmvp2.rs:268:9\n    |\n268 |         i;\n    |         ^^\n\nwarning: path statement with no effect\n   --> testmvp2.rs:271:5\n    |\n271 |     nbcalcs;\n    |     ^^^^^^^^\n\nwarning: path statement with no effect\n   --> testmvp2.rs:292:9\n    |\n292 |         i;\n    |         ^^\n\nwarning: path statement with no effect\n   --> testmvp2.rs:295:5\n    |\n295 |     nbcalcs;\n    |     ^^^^^^^^\n\nwarning: path statement with no effect\n   --> testmvp2.rs:343:9\n    |\n343 |         i;\n    |         ^^\n\nwarning: path statement with no effect\n   --> testmvp2.rs:381:9\n    |\n381 |         i;\n    |         ^^\n\nwarning: path statement with no effect\n   --> testmvp2.rs:436:13\n    |\n436 |             j;\n    |             ^^\n\nwarning: path statement with no effect\n   --> testmvp2.rs:446:9\n    |\n446 |         i;\n    |         ^^\n\nwarning: path statement with no effect\n   --> testmvp2.rs:851:9\n    |\n851 |         i;\n    |         ^^\n\nwarning: path statement with no effect\n   --> testmvp2.rs:927:9\n    |\n927 |         i;\n    |         ^^\n\nerror: symbol `generate_cluster` is already defined\n   --> testmvp2.rs:386:1\n    |\n386 | / pub unsafe extern \"C\" fn generate_cluster(\n387 | |     mut nbpoints: libc::c_uint,\n388 | |     mut dplength: libc::c_uint,\n389 | |     mut var: libc::c_int,\n390 | |     mut dist: CmpFunc,\n391 | | ) -> *mut *mut MVPDP {\n    | |____________________^\n\nwarning: `c2rust_out` (lib) generated 97 warnings\nerror: could not compile `c2rust_out` due to previous error; 97 warnings emitted\n",
            "tests": []
        },
        {
            "program": "NandC",
            "status": "passed",
            "stage_failed": "",
            "error": "",
            "tests": [
                {
                    "name": "tests/test.c",
                    "status": "passed"
                }
            ]
        },
        {
            "program": "Phills_DHT",
            "status": "passed",
            "stage_failed": "",
            "error": "",
            "tests": []
        },
        {
            "program": "quadtree",
            "status": "passed",
            "stage_failed": "",
            "error": "",
            "tests": [
                {
                    "name": "test.c",
                    "status": "passed"
                }
            ]
        },
        {
            "program": "razz_simulation",
            "status": "failed",
            "stage_failed": "make",
            "error": "/usr/bin/ld: razz.o: in function `_sub_I_00100_0':\nrazz.c:(.text.startup+0x29c): undefined reference to `__gcov_init'\n/usr/bin/ld: razz.o: in function `_sub_D_00100_1':\nrazz.c:(.text.exit+0x5): undefined reference to `__gcov_exit'\n/usr/bin/ld: razz.o:(.data.rel+0x20): undefined reference to `__gcov_merge_add'\n/usr/bin/ld: card.o: in function `_sub_I_00100_0':\ncard.c:(.text.startup+0xc): undefined reference to `__gcov_init'\n/usr/bin/ld: card.o: in function `_sub_D_00100_1':\ncard.c:(.text.exit+0x5): undefined reference to `__gcov_exit'\n/usr/bin/ld: card.o:(.data.rel+0x20): undefined reference to `__gcov_merge_add'\n/usr/bin/ld: razz_simulation.o: in function `_sub_I_00100_0':\nrazz_simulation.c:(.text.startup+0xc): undefined reference to `__gcov_init'\n/usr/bin/ld: razz_simulation.o: in function `_sub_D_00100_1':\nrazz_simulation.c:(.text.exit+0x5): undefined reference to `__gcov_exit'\n/usr/bin/ld: razz_simulation.o:(.data.rel+0x20): undefined reference to `__gcov_merge_add'\ncollect2: error: ld returned 1 exit status\nmake: *** [<builtin>: razz] Error 1\n",
            "tests": []
        },
        {
            "program": "RBench",
            "status": "failed",
            "stage_failed": "make",
            "error": "make: *** No targets specified and no makefile found.  Stop.\n",
            "tests": []
        },
        {
            "program": "rbtree-lab",
            "status": "failed",
            "stage_failed": "make",
            "error": "Makefile:6: *** missing separator.  Stop.\nmake: *** [Makefile:8: build] Error 2\n",
            "tests": []
        },
        {
            "program": "recordManager",
            "status": "failed",
            "stage_failed": "build",
            "error": "   Compiling c2rust_out v0.0.0 (/mnt/c/Users/wuihee/Desktop/hayroll-tests/CBench/recordManager)\nerror[E0425]: cannot find function `setSchemaAttributes` in this scope\n   --> record_mgr.rs:424:17\n    |\n424 |                 setSchemaAttributes(schema, &mut tableHeader);\n    |                 ^^^^^^^^^^^^^^^^^^^ not found in this scope\n\nwarning: unnecessary parentheses around function argument\n    --> rm_serializer.rs:1249:29\n     |\n1249 | ...                   (if (*val).v.boolV as libc::c_int != 0 {\n     |                       ^\n...\n1253 | ...                   }),\n     |                        ^\n     |\n     = note: `#[warn(unused_parens)]` on by default\nhelp: remove these parentheses\n     |\n1249 ~                             if (*val).v.boolV as libc::c_int != 0 {\n1250 |                                 b\"true\\0\" as *const u8 as *const libc::c_char\n1251 |                             } else {\n1252 |                                 b\"false\\0\" as *const u8 as *const libc::c_char\n1253 ~                             },\n     |\n\nwarning: unnecessary parentheses around function argument\n    --> rm_serializer.rs:1264:37\n     |\n1264 | ...                   (if (*val).v.boolV as libc::c_int != 0 {\n     |                       ^\n...\n1268 | ...                   }),\n     |                        ^\n     |\nhelp: remove these parentheses\n     |\n1264 ~                                     if (*val).v.boolV as libc::c_int != 0 {\n1265 |                                         b\"true\\0\" as *const u8 as *const libc::c_char\n1266 |                                     } else {\n1267 |                                         b\"false\\0\" as *const u8 as *const libc::c_char\n1268 ~                                     },\n     |\n\nFor more information about this error, try `rustc --explain E0425`.\nwarning: `c2rust_out` (lib) generated 2 warnings\nerror: could not compile `c2rust_out` due to previous error; 2 warnings emitted\n",
            "tests": []
        },
        {
            "program": "rect_pack_h",
            "status": "failed",
            "stage_failed": "make",
            "error": "make: *** No targets specified and no makefile found.  Stop.\n",
            "tests": []
        },
        {
            "program": "Remimu",
            "status": "failed",
            "stage_failed": "make",
            "error": "make: *** No targets specified and no makefile found.  Stop.\n",
            "tests": []
        },
        {
            "program": "rhbloom",
            "status": "failed",
            "stage_failed": "build",
            "error": "error: could not find `Cargo.toml` in `/mnt/c/Users/wuihee/Desktop/hayroll-tests/CBench/rhbloom` or any parent directory\n",
            "tests": []
        },
        {
            "program": "roaring-bitmap",
            "status": "failed",
            "stage_failed": "build",
            "error": "   Compiling c2rust_out v0.0.0 (/mnt/c/Users/wuihee/Desktop/hayroll-tests/CBench/roaring-bitmap)\nerror[E0432]: unresolved import `core::arch::x86_64::_mm_popcnt_u32`\n --> rset.rs:9:67\n  |\n9 |     __m128i, _mm_loadu_si128, _mm_storeu_si128, _mm_shuffle_epi8, _mm_popcnt_u32,\n  |                                                                   ^^^^^^^^^^^^^^\n  |                                                                   |\n  |                                                                   no `_mm_popcnt_u32` in `core_arch::arch::x86_64`\n  |                                                                   help: a similar name exists in the module: `_mm_popcnt_epi32`\n\nerror[E0412]: cannot find type `__m128i_u` in this scope\n   --> rset.rs:42:14\n    |\n42  |       pub __v: __m128i_u,\n    |                ^^^^^^^^^ help: a struct with a similar name exists: `__m128i`\n    |\n   ::: /home/wuihee/.rustup/toolchains/nightly-2022-08-08-x86_64-unknown-linux-gnu/lib/rustlib/src/rust/library/core/src/../../stdarch/crates/core_arch/src/x86/mod.rs:8:1\n    |\n8   | / types! {\n9   | |     /// 128-bit wide integer vector type, x86-specific\n10  | |     ///\n11  | |     /// This type is the same as the `__m128i` type defined by Intel,\n...   |\n329 | |     );\n330 | | }\n    | |_- similarly named struct `__m128i` defined here\n\nerror[E0412]: cannot find type `__m128i_u` in this scope\n   --> rset.rs:42:14\n    |\n42  |       pub __v: __m128i_u,\n    |                ^^^^^^^^^\n    |\n   ::: /home/wuihee/.rustup/toolchains/nightly-2022-08-08-x86_64-unknown-linux-gnu/lib/rustlib/src/rust/library/core/src/../../stdarch/crates/core_arch/src/x86/mod.rs:8:1\n    |\n8   | / types! {\n9   | |     /// 128-bit wide integer vector type, x86-specific\n10  | |     ///\n11  | |     /// This type is the same as the `__m128i` type defined by Intel,\n...   |\n329 | |     );\n330 | | }\n    | |_- similarly named struct `__m128i` defined here\n    |\nhelp: a struct with a similar name exists\n    |\n42  |     pub __v: __m128i,\n    |              ~~~~~~~\nhelp: you might be missing a type parameter\n    |\n41  | pub struct __loadu_si128<__m128i_u> {\n    |                         +++++++++++\n\nerror[E0412]: cannot find type `__m128i_u` in this scope\n   --> rset.rs:47:14\n    |\n47  |       pub __v: __m128i_u,\n    |                ^^^^^^^^^ help: a struct with a similar name exists: `__m128i`\n    |\n   ::: /home/wuihee/.rustup/toolchains/nightly-2022-08-08-x86_64-unknown-linux-gnu/lib/rustlib/src/rust/library/core/src/../../stdarch/crates/core_arch/src/x86/mod.rs:8:1\n    |\n8   | / types! {\n9   | |     /// 128-bit wide integer vector type, x86-specific\n10  | |     ///\n11  | |     /// This type is the same as the `__m128i` type defined by Intel,\n...   |\n329 | |     );\n330 | | }\n    | |_- similarly named struct `__m128i` defined here\n\nerror[E0412]: cannot find type `__m128i_u` in this scope\n   --> rset.rs:47:14\n    |\n47  |       pub __v: __m128i_u,\n    |                ^^^^^^^^^\n    |\n   ::: /home/wuihee/.rustup/toolchains/nightly-2022-08-08-x86_64-unknown-linux-gnu/lib/rustlib/src/rust/library/core/src/../../stdarch/crates/core_arch/src/x86/mod.rs:8:1\n    |\n8   | / types! {\n9   | |     /// 128-bit wide integer vector type, x86-specific\n10  | |     ///\n11  | |     /// This type is the same as the `__m128i` type defined by Intel,\n...   |\n329 | |     );\n330 | | }\n    | |_- similarly named struct `__m128i` defined here\n    |\nhelp: a struct with a similar name exists\n    |\n47  |     pub __v: __m128i,\n    |              ~~~~~~~\nhelp: you might be missing a type parameter\n    |\n46  | pub struct __storeu_si128<__m128i_u> {\n    |                          +++++++++++\n\nerror[E0425]: cannot find function `sse_intersection` in this scope\n   --> rset.rs:585:36\n    |\n585 |       let mut end: *const uint16_t = sse_intersection(\n    |                                      ^^^^^^^^^^^^^^^^ help: a function with a similar name exists: `rset_intersection`\n...\n628 | / pub unsafe extern \"C\" fn rset_intersection(\n629 | |     mut a: *const rset_t,\n630 | |     mut b: *const rset_t,\n631 | |     mut result: *mut rset_t,\n...   |\n655 | |     return 1 as libc::c_int != 0;\n656 | | }\n    | |_- similarly named function `rset_intersection` defined here\n\nSome errors have detailed explanations: E0412, E0425, E0432.\nFor more information about an error, try `rustc --explain E0412`.\nerror: could not compile `c2rust_out` due to 6 previous errors\n",
            "tests": []
        },
        {
            "program": "rubiksolver",
            "status": "passed",
            "stage_failed": "",
            "error": "",
            "tests": [
                {
                    "name": "heap/heap_tests.c",
                    "status": "passed"
                },
                {
                    "name": "hash/hash_tests.c",
                    "status": "passed"
                },
                {
                    "name": "rubik_model_tests.c",
                    "status": "passed"
                }
            ]
        },
        {
            "program": "satc",
            "status": "failed",
            "stage_failed": "build",
            "error": "error: could not find `Cargo.toml` in `/mnt/c/Users/wuihee/Desktop/hayroll-tests/CBench/satc` or any parent directory\n",
            "tests": []
        },
        {
            "program": "Simple-Config",
            "status": "failed",
            "stage_failed": "link",
            "error": "",
            "tests": [
                {
                    "name": "test/test.c",
                    "status": "failed",
                    "error": "/usr/bin/ld: /tmp/ccoSywuv.o: in function `main':\ntest.c:(.text+0x44): undefined reference to `run_parse_tests'\n/usr/bin/ld: test.c:(.text+0x57): undefined reference to `run_load_tests'\n/usr/bin/ld: test.c:(.text+0x6a): undefined reference to `run_get_tests'\n/usr/bin/ld: test.c:(.text+0x7d): undefined reference to `run_print_tests'\ncollect2: error: ld returned 1 exit status\n"
                }
            ]
        },
        {
            "program": "Simple-Sparsehash",
            "status": "failed",
            "stage_failed": "link",
            "error": "",
            "tests": [
                {
                    "name": "src/test.c",
                    "status": "failed",
                    "error": "src/test.c:5:10: fatal error: simple_sparsehash.h: No such file or directory\n    5 | #include \"simple_sparsehash.h\"\n      |          ^~~~~~~~~~~~~~~~~~~~~\ncompilation terminated.\n"
                }
            ]
        },
        {
            "program": "SimpleXML",
            "status": "failed",
            "stage_failed": "build",
            "error": "   Compiling c2rust_out v0.0.0 (/mnt/c/Users/wuihee/Desktop/hayroll-tests/CBench/SimpleXML)\nerror[E0425]: cannot find function `parse_xml_from_text` in this scope\n    --> test.rs:1243:12\n     |\n1243 |     elem = parse_xml_from_text(s) as *mut XMLElement;\n     |            ^^^^^^^^^^^^^^^^^^^ not found in this scope\n     |\nhelp: consider importing this function\n     |\n1    | use crate::simple_xml::parse_xml_from_text;\n     |\n\nwarning: unused label\n  --> simple_vector.rs:35:5\n   |\n35 |     'c_1137: {\n   |     ^^^^^^^\n   |\n   = note: `#[warn(unused_labels)]` on by default\n\nwarning: unused label\n  --> simple_vector.rs:96:5\n   |\n96 |     'c_1223: {\n   |     ^^^^^^^\n\nwarning: unused label\n   --> simple_vector.rs:173:5\n    |\n173 |     'c_1449: {\n    |     ^^^^^^^\n\nwarning: unused label\n   --> simple_vector.rs:242:5\n    |\n242 |     'c_1595: {\n    |     ^^^^^^^\n\nwarning: unused label\n   --> simple_xml.rs:304:25\n    |\n304 |                         'c_2903: {\n    |                         ^^^^^^^\n\nwarning: unused label\n   --> simple_xml.rs:393:13\n    |\n393 |             'c_2627: {\n    |             ^^^^^^^\n\nwarning: unused label\n  --> test.rs:79:5\n   |\n79 |     'c_3278: {\n   |     ^^^^^^^\n\nwarning: unused label\n   --> test.rs:111:5\n    |\n111 |     'c_3230: {\n    |     ^^^^^^^\n\nwarning: unused label\n   --> test.rs:146:5\n    |\n146 |     'c_3165: {\n    |     ^^^^^^^\n\nwarning: unused label\n   --> test.rs:180:5\n    |\n180 |     'c_3111: {\n    |     ^^^^^^^\n\nwarning: unused label\n   --> test.rs:215:5\n    |\n215 |     'c_3056: {\n    |     ^^^^^^^\n\nwarning: unused label\n   --> test.rs:249:5\n    |\n249 |     'c_2990: {\n    |     ^^^^^^^\n\nwarning: unused label\n   --> test.rs:277:5\n    |\n277 |     'c_2942: {\n    |     ^^^^^^^\n\nwarning: unused label\n   --> test.rs:308:5\n    |\n308 |     'c_2894: {\n    |     ^^^^^^^\n\nwarning: unused label\n   --> test.rs:339:5\n    |\n339 |     'c_2846: {\n    |     ^^^^^^^\n\nwarning: unused label\n   --> test.rs:370:5\n    |\n370 |     'c_2798: {\n    |     ^^^^^^^\n\nwarning: unused label\n   --> test.rs:401:5\n    |\n401 |     'c_2750: {\n    |     ^^^^^^^\n\nwarning: unused label\n   --> test.rs:435:5\n    |\n435 |     'c_2698: {\n    |     ^^^^^^^\n\nwarning: unused label\n   --> test.rs:463:5\n    |\n463 |     'c_2650: {\n    |     ^^^^^^^\n\nwarning: unused label\n   --> test.rs:494:5\n    |\n494 |     'c_2602: {\n    |     ^^^^^^^\n\nwarning: unused label\n   --> test.rs:525:5\n    |\n525 |     'c_2554: {\n    |     ^^^^^^^\n\nwarning: unused label\n   --> test.rs:556:5\n    |\n556 |     'c_2506: {\n    |     ^^^^^^^\n\nwarning: unused label\n   --> test.rs:587:5\n    |\n587 |     'c_2458: {\n    |     ^^^^^^^\n\nwarning: unused label\n   --> test.rs:618:5\n    |\n618 |     'c_2410: {\n    |     ^^^^^^^\n\nwarning: unused label\n   --> test.rs:648:5\n    |\n648 |     'c_2361: {\n    |     ^^^^^^^\n\nwarning: unused label\n   --> test.rs:676:5\n    |\n676 |     'c_2313: {\n    |     ^^^^^^^\n\nwarning: unused label\n   --> test.rs:707:5\n    |\n707 |     'c_2265: {\n    |     ^^^^^^^\n\nwarning: unused label\n   --> test.rs:738:5\n    |\n738 |     'c_2217: {\n    |     ^^^^^^^\n\nwarning: unused label\n   --> test.rs:769:5\n    |\n769 |     'c_2169: {\n    |     ^^^^^^^\n\nwarning: unused label\n   --> test.rs:800:5\n    |\n800 |     'c_2121: {\n    |     ^^^^^^^\n\nwarning: unused label\n   --> test.rs:835:5\n    |\n835 |     'c_2058: {\n    |     ^^^^^^^\n\nwarning: unused label\n   --> test.rs:863:5\n    |\n863 |     'c_2010: {\n    |     ^^^^^^^\n\nwarning: unused label\n   --> test.rs:894:5\n    |\n894 |     'c_1962: {\n    |     ^^^^^^^\n\nwarning: unused label\n   --> test.rs:925:5\n    |\n925 |     'c_1914: {\n    |     ^^^^^^^\n\nwarning: unused label\n   --> test.rs:956:5\n    |\n956 |     'c_1866: {\n    |     ^^^^^^^\n\nwarning: unused label\n   --> test.rs:987:5\n    |\n987 |     'c_1817: {\n    |     ^^^^^^^\n\nwarning: unused label\n    --> test.rs:1020:9\n     |\n1020 |         'c_1757: {\n     |         ^^^^^^^\n\nwarning: unused label\n    --> test.rs:1052:5\n     |\n1052 |     'c_1704: {\n     |     ^^^^^^^\n\nwarning: unused label\n    --> test.rs:1079:5\n     |\n1079 |     'c_1655: {\n     |     ^^^^^^^\n\nwarning: unused label\n    --> test.rs:1106:5\n     |\n1106 |     'c_1607: {\n     |     ^^^^^^^\n\nwarning: unused label\n    --> test.rs:1177:9\n     |\n1177 |         'c_3489: {\n     |         ^^^^^^^\n\nwarning: unused label\n    --> test.rs:1204:9\n     |\n1204 |         'c_3429: {\n     |         ^^^^^^^\n\nwarning: unused label\n    --> test.rs:1259:5\n     |\n1259 |     'c_4229: {\n     |     ^^^^^^^\n\nwarning: unused label\n    --> test.rs:1288:5\n     |\n1288 |     'c_4182: {\n     |     ^^^^^^^\n\nwarning: unused label\n    --> test.rs:1320:5\n     |\n1320 |     'c_4119: {\n     |     ^^^^^^^\n\nwarning: unused label\n    --> test.rs:1349:5\n     |\n1349 |     'c_4073: {\n     |     ^^^^^^^\n\nwarning: unused label\n    --> test.rs:1381:5\n     |\n1381 |     'c_4018: {\n     |     ^^^^^^^\n\nwarning: unused label\n    --> test.rs:1417:5\n     |\n1417 |     'c_3952: {\n     |     ^^^^^^^\n\nwarning: unused label\n    --> test.rs:1446:5\n     |\n1446 |     'c_3905: {\n     |     ^^^^^^^\n\nwarning: unused label\n    --> test.rs:1491:9\n     |\n1491 |         'c_3781: {\n     |         ^^^^^^^\n\nwarning: unused label\n    --> test.rs:1522:9\n     |\n1522 |         'c_3726: {\n     |         ^^^^^^^\n\nerror[E0061]: this function takes 0 arguments but 1 argument was supplied\n  --> simple_xml.rs:89:21\n   |\n89 |     (*e).children = vector_create((*e).children);\n   |                     ^^^^^^^^^^^^^ ------------- argument of type `*mut simple_xml::Vector` unexpected\n   |\nnote: function defined here\n  --> simple_xml.rs:18:8\n   |\n18 |     fn vector_create() -> *mut Vector;\n   |        ^^^^^^^^^^^^^\nhelp: remove the extra argument\n   |\n89 |     (*e).children = vector_create();\n   |                     ~~~~~~~~~~~~~~~\n\nerror[E0061]: this function takes 0 arguments but 1 argument was supplied\n   --> simple_xml.rs:115:22\n    |\n115 |     (*p).tag_stack = vector_create((*p).tag_stack);\n    |                      ^^^^^^^^^^^^^ -------------- argument of type `*mut simple_xml::Vector` unexpected\n    |\nnote: function defined here\n   --> simple_xml.rs:18:8\n    |\n18  |     fn vector_create() -> *mut Vector;\n    |        ^^^^^^^^^^^^^\nhelp: remove the extra argument\n    |\n115 |     (*p).tag_stack = vector_create();\n    |                      ~~~~~~~~~~~~~~~\n\nerror[E0061]: this function takes 0 arguments but 1 argument was supplied\n   --> simple_xml.rs:116:24\n    |\n116 |     (*p).value_stack = vector_create((*p).value_stack);\n    |                        ^^^^^^^^^^^^^ ---------------- argument of type `*mut simple_xml::Vector` unexpected\n    |\nnote: function defined here\n   --> simple_xml.rs:18:8\n    |\n18  |     fn vector_create() -> *mut Vector;\n    |        ^^^^^^^^^^^^^\nhelp: remove the extra argument\n    |\n116 |     (*p).value_stack = vector_create();\n    |                        ~~~~~~~~~~~~~~~\n\nerror[E0061]: this function takes 0 arguments but 1 argument was supplied\n   --> simple_xml.rs:117:26\n    |\n117 |     (*p).element_stack = vector_create((*p).element_stack);\n    |                          ^^^^^^^^^^^^^ ------------------ argument of type `*mut simple_xml::Vector` unexpected\n    |\nnote: function defined here\n   --> simple_xml.rs:18:8\n    |\n18  |     fn vector_create() -> *mut Vector;\n    |        ^^^^^^^^^^^^^\nhelp: remove the extra argument\n    |\n117 |     (*p).element_stack = vector_create();\n    |                          ~~~~~~~~~~~~~~~\n\nerror[E0061]: this function takes 0 arguments but 1 argument was supplied\n  --> test.rs:63:9\n   |\n63 |     v = vector_create(v);\n   |         ^^^^^^^^^^^^^ - argument of type `*mut test::Vector` unexpected\n   |\nnote: function defined here\n  --> test.rs:19:8\n   |\n19 |     fn vector_create() -> *mut Vector;\n   |        ^^^^^^^^^^^^^\nhelp: remove the extra argument\n   |\n63 |     v = vector_create();\n   |         ~~~~~~~~~~~~~~~\n\nerror[E0061]: this function takes 0 arguments but 1 argument was supplied\n    --> test.rs:1127:9\n     |\n1127 |     v = vector_create(v);\n     |         ^^^^^^^^^^^^^ - argument of type `*mut test::Vector` unexpected\n     |\nnote: function defined here\n    --> test.rs:19:8\n     |\n19   |     fn vector_create() -> *mut Vector;\n     |        ^^^^^^^^^^^^^\nhelp: remove the extra argument\n     |\n1127 |     v = vector_create();\n     |         ~~~~~~~~~~~~~~~\n\nSome errors have detailed explanations: E0061, E0425.\nFor more information about an error, try `rustc --explain E0061`.\nwarning: `c2rust_out` (lib) generated 51 warnings\nerror: could not compile `c2rust_out` due to 7 previous errors; 51 warnings emitted\n",
            "tests": []
        },
        {
            "program": "simple_lang",
            "status": "failed",
            "stage_failed": "make",
            "error": "make: *** No targets specified and no makefile found.  Stop.\n",
            "tests": []
        },
        {
            "program": "SlothLang",
            "status": "passed",
            "stage_failed": "",
            "error": "",
            "tests": [
                {
                    "name": "tests.c",
                    "status": "passed"
                }
            ]
        },
        {
            "program": "ted",
            "status": "failed",
            "stage_failed": "build",
            "error": "   Compiling c2rust_out v0.0.0 (/mnt/c/Users/wuihee/Desktop/hayroll-tests/CBench/ted)\nerror[E0425]: cannot find function `getline` in this scope\n   --> buffer/buffer.rs:298:16\n    |\n298 |         read = getline(&mut line, &mut len, fp) as size_t;\n    |                ^^^^^^^ not found in this scope\n    |\nhelp: consider importing one of these items\n    |\n1   | use crate::buffer::buffer::libc::getline;\n    |\n1   | use libc::getline;\n    |\n\nFor more information about this error, try `rustc --explain E0425`.\nerror: could not compile `c2rust_out` due to previous error\n",
            "tests": []
        },
        {
            "program": "tisp",
            "status": "passed",
            "stage_failed": "",
            "error": "",
            "tests": [
                {
                    "name": "test.c",
                    "status": "passed"
                }
            ]
        },
        {
            "program": "totp",
            "status": "passed",
            "stage_failed": "",
            "error": "",
            "tests": [
                {
                    "name": "test.c",
                    "status": "passed"
                }
            ]
        },
        {
            "program": "ulidgen",
            "status": "passed",
            "stage_failed": "",
            "error": "",
            "tests": [
                {
                    "name": "tests/test.c",
                    "status": "passed"
                }
            ]
        },
        {
            "program": "utf8",
            "status": "passed",
            "stage_failed": "",
            "error": "",
            "tests": [
                {
                    "name": "tests/test.c",
                    "status": "passed"
                }
            ]
        },
        {
            "program": "VaultSync",
            "status": "failed",
            "stage_failed": "make",
            "error": "make: *** No targets specified and no makefile found.  Stop.\n",
            "tests": []
        },
        {
            "program": "vec",
            "status": "passed",
            "stage_failed": "",
            "error": "",
            "tests": [
                {
                    "name": "tests/test.c",
                    "status": "passed"
                }
            ]
        },
        {
            "program": "worsp",
            "status": "failed",
            "stage_failed": "make",
            "error": "src/worsp.c: In function \u2018definedFunctionMod\u2019:\nsrc/worsp.c:595:40: warning: ' ' flag used with \u2018%m\u2019 gnu_printf format [-Wformat=]\n  595 |     printf(\"Type error: operands for % must be integers.\\n\");\n      |                                        ^\nsrc/worsp.c: In function \u2018stringifyObject\u2019:\nsrc/worsp.c:516:9: warning: \u2018strncat\u2019 specified bound 1 equals source length [-Wstringop-overflow=]\n  516 |         strncat(str, \" \", 1);\n      |         ^~~~~~~~~~~~~~~~~~~~\nsrc/worsp.c:529:5: warning: \u2018strncpy\u2019 output truncated before terminating nul copying 10 bytes from a string of the same length [-Wstringop-truncation]\n  529 |     strncpy(str, \"<function>\", 10);\n      |     ^~~~~~~~~~~~~~~~~~~~~~~~~~~~~~\nsrc/worsp.c:495:7: warning: \u2018__builtin_memcpy\u2019 writing 2 bytes into a region of size 1 overflows the destination [-Wstringop-overflow=]\n  495 |       strncpy(str, \"T\", 2);\n      |       ^~~~~~~~~~~~~~~~~~~~\nsrc/worsp.c:493:25: note: destination object of size 1 allocated by \u2018malloc\u2019\n  493 |     char *str = (char *)malloc(1 * sizeof(char));\n      |                         ^~~~~~~~~~~~~~~~~~~~~~~~\nsrc/worsp.c:497:7: warning: \u2018__builtin_memcpy\u2019 writing 2 bytes into a region of size 1 overflows the destination [-Wstringop-overflow=]\n  497 |       strncpy(str, \"F\", 2);\n      |       ^~~~~~~~~~~~~~~~~~~~\nsrc/worsp.c:493:25: note: destination object of size 1 allocated by \u2018malloc\u2019\n  493 |     char *str = (char *)malloc(1 * sizeof(char));\n      |                         ^~~~~~~~~~~~~~~~~~~~~~~~\nsrc/worsp.c:529:5: warning: \u2018__builtin_memcpy\u2019 writing 10 bytes into a region of size 9 overflows the destination [-Wstringop-overflow=]\n  529 |     strncpy(str, \"<function>\", 10);\n      |     ^~~~~~~~~~~~~~~~~~~~~~~~~~~~~~\nsrc/worsp.c:528:25: note: destination object of size 9 allocated by \u2018malloc\u2019\n  528 |     char *str = (char *)malloc(9 * sizeof(char));\n      |                         ^~~~~~~~~~~~~~~~~~~~~~~~\nbin/main.c:1:10: fatal error: worsp.h: No such file or directory\n    1 | #include \"worsp.h\"\n      |          ^~~~~~~~~\ncompilation terminated.\nmake: *** [Makefile:26: main] Error 1\n",
            "tests": []
        },
        {
            "program": "XOpt",
            "status": "failed",
            "stage_failed": "make",
            "error": "xopt.c: In function \u2018_xopt_default_callback\u2019:\nxopt.c:493:20: error: ISO C90 does not support boolean types [-Werror=pedantic]\n  493 |                 *((_Bool*) target) = true;\n      |                    ^~~~~\nIn file included from xopt.c:42:\n./snprintf.c: In function \u2018rpl_vsnprintf\u2019:\n./snprintf.c:778:39: error: this statement may fall through [-Werror=implicit-fallthrough=]\n  778 |                                 flags |= PRINT_F_UP;\n      |                                       ^\n./snprintf.c:779:25: note: here\n  779 |                         case 'a':\n      |                         ^~~~\ncc1: all warnings being treated as errors\nmake: *** [Makefile:10: xopt.o] Error 1\n",
            "tests": []
        }
    ]
}